2022-06-06 16:40:26 INFO  allYouPlayProject:21 - Create driver: chrome
2022-06-06 16:40:28 INFO  allYouPlayProject:20 - Opening home page: https://www.allyouplay.com/
2022-06-06 16:40:30 INFO  allYouPlayProject:22 - Home page opened!
2022-06-06 16:40:33 INFO  allYouPlayProject:33 - User was previously login.
2022-06-06 16:40:33 INFO  allYouPlayProject:31 - Close driver
2022-06-06 16:48:19 INFO  Utils:112 - [TestNG] Running:
  C:\Users\Taylan\AppData\Local\JetBrains\IdeaIC2022.1\temp-testng-customsuite.xml

2022-06-06 16:48:19 INFO  allYouPlayProject:21 - Create driver: chrome
2022-06-06 16:48:24 INFO  allYouPlayProject:20 - Opening home page: https://www.allyouplay.com/
2022-06-06 16:48:25 INFO  allYouPlayProject:22 - Home page opened!
2022-06-06 16:48:35 INFO  allYouPlayProject:33 - User was previously login.
2022-06-06 16:48:35 INFO  allYouPlayProject:47 - Close driver
2022-06-06 16:48:35 WARN  WebSocketHandler:142 - onError
java.net.SocketException: Connection reset
	at java.base/sun.nio.ch.SocketChannelImpl.throwConnectionReset(SocketChannelImpl.java:394)
	at java.base/sun.nio.ch.SocketChannelImpl.read(SocketChannelImpl.java:426)
	at io.netty.buffer.PooledByteBuf.setBytes(PooledByteBuf.java:258)
	at io.netty.buffer.AbstractByteBuf.writeBytes(AbstractByteBuf.java:1132)
	at io.netty.channel.socket.nio.NioSocketChannel.doReadBytes(NioSocketChannel.java:357)
	at io.netty.channel.nio.AbstractNioByteChannel$NioByteUnsafe.read(AbstractNioByteChannel.java:151)
	at io.netty.channel.nio.NioEventLoop.processSelectedKey(NioEventLoop.java:722)
	at io.netty.channel.nio.NioEventLoop.processSelectedKeysOptimized(NioEventLoop.java:658)
	at io.netty.channel.nio.NioEventLoop.processSelectedKeys(NioEventLoop.java:584)
	at io.netty.channel.nio.NioEventLoop.run(NioEventLoop.java:496)
	at io.netty.util.concurrent.SingleThreadEventExecutor$4.run(SingleThreadEventExecutor.java:986)
	at io.netty.util.internal.ThreadExecutorMap$2.run(ThreadExecutorMap.java:74)
	at io.netty.util.concurrent.FastThreadLocalRunnable.run(FastThreadLocalRunnable.java:30)
	at java.base/java.lang.Thread.run(Thread.java:833)
2022-06-06 16:55:50 INFO  Utils:112 - [TestNG] Running:
  C:\Users\Taylan\AppData\Local\JetBrains\IdeaIC2022.1\temp-testng-customsuite.xml

2022-06-06 16:55:50 INFO  allYouPlayProject:21 - Create driver: chrome
2022-06-06 16:55:55 INFO  allYouPlayProject:20 - Opening home page: https://www.allyouplay.com/
2022-06-06 16:55:56 INFO  allYouPlayProject:22 - Home page opened!
2022-06-06 16:56:07 INFO  allYouPlayProject:33 - User was previously login.
2022-06-06 16:56:07 INFO  allYouPlayProject:47 - Close driver
2022-06-06 16:56:07 WARN  WebSocketHandler:142 - onError
java.net.SocketException: Connection reset
	at java.base/sun.nio.ch.SocketChannelImpl.throwConnectionReset(SocketChannelImpl.java:394)
	at java.base/sun.nio.ch.SocketChannelImpl.read(SocketChannelImpl.java:426)
	at io.netty.buffer.PooledByteBuf.setBytes(PooledByteBuf.java:258)
	at io.netty.buffer.AbstractByteBuf.writeBytes(AbstractByteBuf.java:1132)
	at io.netty.channel.socket.nio.NioSocketChannel.doReadBytes(NioSocketChannel.java:357)
	at io.netty.channel.nio.AbstractNioByteChannel$NioByteUnsafe.read(AbstractNioByteChannel.java:151)
	at io.netty.channel.nio.NioEventLoop.processSelectedKey(NioEventLoop.java:722)
	at io.netty.channel.nio.NioEventLoop.processSelectedKeysOptimized(NioEventLoop.java:658)
	at io.netty.channel.nio.NioEventLoop.processSelectedKeys(NioEventLoop.java:584)
	at io.netty.channel.nio.NioEventLoop.run(NioEventLoop.java:496)
	at io.netty.util.concurrent.SingleThreadEventExecutor$4.run(SingleThreadEventExecutor.java:986)
	at io.netty.util.internal.ThreadExecutorMap$2.run(ThreadExecutorMap.java:74)
	at io.netty.util.concurrent.FastThreadLocalRunnable.run(FastThreadLocalRunnable.java:30)
	at java.base/java.lang.Thread.run(Thread.java:833)
2022-06-06 16:56:17 INFO  Utils:112 - [TestNG] Running:
  C:\Users\Taylan\AppData\Local\JetBrains\IdeaIC2022.1\temp-testng-customsuite.xml

2022-06-06 16:56:17 INFO  allYouPlayProject:21 - Create driver: chrome
2022-06-06 16:56:22 INFO  allYouPlayProject:20 - Opening home page: https://www.allyouplay.com/
2022-06-06 16:56:23 INFO  allYouPlayProject:22 - Home page opened!
2022-06-06 16:56:33 INFO  allYouPlayProject:33 - User was previously login.
2022-06-06 16:56:33 INFO  allYouPlayProject:47 - Close driver
2022-06-06 16:56:33 WARN  WebSocketHandler:142 - onError
java.net.SocketException: Connection reset
	at java.base/sun.nio.ch.SocketChannelImpl.throwConnectionReset(SocketChannelImpl.java:394)
	at java.base/sun.nio.ch.SocketChannelImpl.read(SocketChannelImpl.java:426)
	at io.netty.buffer.PooledByteBuf.setBytes(PooledByteBuf.java:258)
	at io.netty.buffer.AbstractByteBuf.writeBytes(AbstractByteBuf.java:1132)
	at io.netty.channel.socket.nio.NioSocketChannel.doReadBytes(NioSocketChannel.java:357)
	at io.netty.channel.nio.AbstractNioByteChannel$NioByteUnsafe.read(AbstractNioByteChannel.java:151)
	at io.netty.channel.nio.NioEventLoop.processSelectedKey(NioEventLoop.java:722)
	at io.netty.channel.nio.NioEventLoop.processSelectedKeysOptimized(NioEventLoop.java:658)
	at io.netty.channel.nio.NioEventLoop.processSelectedKeys(NioEventLoop.java:584)
	at io.netty.channel.nio.NioEventLoop.run(NioEventLoop.java:496)
	at io.netty.util.concurrent.SingleThreadEventExecutor$4.run(SingleThreadEventExecutor.java:986)
	at io.netty.util.internal.ThreadExecutorMap$2.run(ThreadExecutorMap.java:74)
	at io.netty.util.concurrent.FastThreadLocalRunnable.run(FastThreadLocalRunnable.java:30)
	at java.base/java.lang.Thread.run(Thread.java:833)
2022-06-06 17:06:36 INFO  Utils:112 - [TestNG] Running:
  C:\Users\Taylan\AppData\Local\JetBrains\IdeaIC2022.1\temp-testng-customsuite.xml

2022-06-06 17:06:36 INFO  allYouPlayProject:21 - Create driver: chrome
2022-06-06 17:06:41 INFO  allYouPlayProject:21 - Opening home page: https://www.allyouplay.com/
2022-06-06 17:06:43 INFO  allYouPlayProject:23 - Home page opened!
2022-06-06 17:06:43 INFO  allYouPlayProject:35 - pop-up alredy closed.
2022-06-06 17:06:53 INFO  allYouPlayProject:44 - User was previously login.
2022-06-06 17:06:53 INFO  allYouPlayProject:47 - Close driver
2022-06-06 17:06:53 WARN  WebSocketHandler:142 - onError
java.net.SocketException: Connection reset
	at java.base/sun.nio.ch.SocketChannelImpl.throwConnectionReset(SocketChannelImpl.java:394)
	at java.base/sun.nio.ch.SocketChannelImpl.read(SocketChannelImpl.java:426)
	at io.netty.buffer.PooledByteBuf.setBytes(PooledByteBuf.java:258)
	at io.netty.buffer.AbstractByteBuf.writeBytes(AbstractByteBuf.java:1132)
	at io.netty.channel.socket.nio.NioSocketChannel.doReadBytes(NioSocketChannel.java:357)
	at io.netty.channel.nio.AbstractNioByteChannel$NioByteUnsafe.read(AbstractNioByteChannel.java:151)
	at io.netty.channel.nio.NioEventLoop.processSelectedKey(NioEventLoop.java:722)
	at io.netty.channel.nio.NioEventLoop.processSelectedKeysOptimized(NioEventLoop.java:658)
	at io.netty.channel.nio.NioEventLoop.processSelectedKeys(NioEventLoop.java:584)
	at io.netty.channel.nio.NioEventLoop.run(NioEventLoop.java:496)
	at io.netty.util.concurrent.SingleThreadEventExecutor$4.run(SingleThreadEventExecutor.java:986)
	at io.netty.util.internal.ThreadExecutorMap$2.run(ThreadExecutorMap.java:74)
	at io.netty.util.concurrent.FastThreadLocalRunnable.run(FastThreadLocalRunnable.java:30)
	at java.base/java.lang.Thread.run(Thread.java:833)
2022-06-06 17:07:30 INFO  Utils:112 - [TestNG] Running:
  C:\Users\Taylan\AppData\Local\JetBrains\IdeaIC2022.1\temp-testng-customsuite.xml

2022-06-06 17:07:30 INFO  allYouPlayProject:21 - Create driver: chrome
2022-06-06 17:07:35 INFO  allYouPlayProject:21 - Opening home page: https://www.allyouplay.com/
2022-06-06 17:07:36 INFO  allYouPlayProject:23 - Home page opened!
2022-06-06 17:07:36 INFO  allYouPlayProject:35 - pop-up alredy closed.
2022-06-06 17:07:47 INFO  allYouPlayProject:44 - User was previously login.
2022-06-06 17:07:47 INFO  allYouPlayProject:47 - Close driver
2022-06-06 17:07:47 WARN  WebSocketHandler:142 - onError
java.net.SocketException: Connection reset
	at java.base/sun.nio.ch.SocketChannelImpl.throwConnectionReset(SocketChannelImpl.java:394)
	at java.base/sun.nio.ch.SocketChannelImpl.read(SocketChannelImpl.java:426)
	at io.netty.buffer.PooledByteBuf.setBytes(PooledByteBuf.java:258)
	at io.netty.buffer.AbstractByteBuf.writeBytes(AbstractByteBuf.java:1132)
	at io.netty.channel.socket.nio.NioSocketChannel.doReadBytes(NioSocketChannel.java:357)
	at io.netty.channel.nio.AbstractNioByteChannel$NioByteUnsafe.read(AbstractNioByteChannel.java:151)
	at io.netty.channel.nio.NioEventLoop.processSelectedKey(NioEventLoop.java:722)
	at io.netty.channel.nio.NioEventLoop.processSelectedKeysOptimized(NioEventLoop.java:658)
	at io.netty.channel.nio.NioEventLoop.processSelectedKeys(NioEventLoop.java:584)
	at io.netty.channel.nio.NioEventLoop.run(NioEventLoop.java:496)
	at io.netty.util.concurrent.SingleThreadEventExecutor$4.run(SingleThreadEventExecutor.java:986)
	at io.netty.util.internal.ThreadExecutorMap$2.run(ThreadExecutorMap.java:74)
	at io.netty.util.concurrent.FastThreadLocalRunnable.run(FastThreadLocalRunnable.java:30)
	at java.base/java.lang.Thread.run(Thread.java:833)
2022-06-06 17:09:09 INFO  Utils:112 - [TestNG] Running:
  C:\Users\Taylan\AppData\Local\JetBrains\IdeaIC2022.1\temp-testng-customsuite.xml

2022-06-06 17:09:10 INFO  allYouPlayProject:21 - Create driver: chrome
2022-06-06 17:09:14 INFO  allYouPlayProject:21 - Opening home page: https://www.allyouplay.com/
2022-06-06 17:09:16 INFO  allYouPlayProject:23 - Home page opened!
2022-06-06 17:09:16 INFO  allYouPlayProject:35 - pop-up alredy closed.
2022-06-06 17:09:16 INFO  allYouPlayProject:47 - Close driver
2022-06-06 17:18:16 INFO  Utils:112 - [TestNG] Running:
  C:\Users\Taylan\AppData\Local\JetBrains\IdeaIC2022.1\temp-testng-customsuite.xml

2022-06-06 17:18:16 INFO  allYouPlayProject:21 - Create driver: chrome
2022-06-06 17:18:21 INFO  allYouPlayProject:21 - Opening home page: https://www.allyouplay.com/
2022-06-06 17:18:22 INFO  allYouPlayProject:23 - Home page opened!
2022-06-06 17:18:30 INFO  allYouPlayProject:33 - pop-up closed.
2022-06-06 17:18:30 INFO  allYouPlayProject:47 - Close driver
2022-06-06 17:18:30 WARN  WebSocketHandler:142 - onError
java.net.SocketException: Connection reset
	at java.base/sun.nio.ch.SocketChannelImpl.throwConnectionReset(SocketChannelImpl.java:394)
	at java.base/sun.nio.ch.SocketChannelImpl.read(SocketChannelImpl.java:426)
	at io.netty.buffer.PooledByteBuf.setBytes(PooledByteBuf.java:258)
	at io.netty.buffer.AbstractByteBuf.writeBytes(AbstractByteBuf.java:1132)
	at io.netty.channel.socket.nio.NioSocketChannel.doReadBytes(NioSocketChannel.java:357)
	at io.netty.channel.nio.AbstractNioByteChannel$NioByteUnsafe.read(AbstractNioByteChannel.java:151)
	at io.netty.channel.nio.NioEventLoop.processSelectedKey(NioEventLoop.java:722)
	at io.netty.channel.nio.NioEventLoop.processSelectedKeysOptimized(NioEventLoop.java:658)
	at io.netty.channel.nio.NioEventLoop.processSelectedKeys(NioEventLoop.java:584)
	at io.netty.channel.nio.NioEventLoop.run(NioEventLoop.java:496)
	at io.netty.util.concurrent.SingleThreadEventExecutor$4.run(SingleThreadEventExecutor.java:986)
	at io.netty.util.internal.ThreadExecutorMap$2.run(ThreadExecutorMap.java:74)
	at io.netty.util.concurrent.FastThreadLocalRunnable.run(FastThreadLocalRunnable.java:30)
	at java.base/java.lang.Thread.run(Thread.java:833)
2022-06-06 17:38:04 INFO  Utils:112 - [TestNG] Running:
  C:\Users\Taylan\AppData\Local\JetBrains\IdeaIC2022.1\temp-testng-customsuite.xml

2022-06-06 17:38:04 INFO  allYouPlayProject:21 - Create driver: chrome
2022-06-06 17:38:09 INFO  allYouPlayProject:21 - Opening home page: https://www.allyouplay.com/
2022-06-06 17:38:10 INFO  allYouPlayProject:23 - Home page opened!
2022-06-06 17:38:18 INFO  allYouPlayProject:33 - pop-up closed.
2022-06-06 17:38:18 INFO  allYouPlayProject:47 - Close driver
2022-06-06 17:38:18 WARN  WebSocketHandler:142 - onError
java.net.SocketException: Connection reset
	at java.base/sun.nio.ch.SocketChannelImpl.throwConnectionReset(SocketChannelImpl.java:394)
	at java.base/sun.nio.ch.SocketChannelImpl.read(SocketChannelImpl.java:426)
	at io.netty.buffer.PooledByteBuf.setBytes(PooledByteBuf.java:258)
	at io.netty.buffer.AbstractByteBuf.writeBytes(AbstractByteBuf.java:1132)
	at io.netty.channel.socket.nio.NioSocketChannel.doReadBytes(NioSocketChannel.java:357)
	at io.netty.channel.nio.AbstractNioByteChannel$NioByteUnsafe.read(AbstractNioByteChannel.java:151)
	at io.netty.channel.nio.NioEventLoop.processSelectedKey(NioEventLoop.java:722)
	at io.netty.channel.nio.NioEventLoop.processSelectedKeysOptimized(NioEventLoop.java:658)
	at io.netty.channel.nio.NioEventLoop.processSelectedKeys(NioEventLoop.java:584)
	at io.netty.channel.nio.NioEventLoop.run(NioEventLoop.java:496)
	at io.netty.util.concurrent.SingleThreadEventExecutor$4.run(SingleThreadEventExecutor.java:986)
	at io.netty.util.internal.ThreadExecutorMap$2.run(ThreadExecutorMap.java:74)
	at io.netty.util.concurrent.FastThreadLocalRunnable.run(FastThreadLocalRunnable.java:30)
	at java.base/java.lang.Thread.run(Thread.java:833)
2022-06-06 17:40:38 INFO  Utils:112 - [TestNG] Running:
  C:\Users\Taylan\AppData\Local\JetBrains\IdeaIC2022.1\temp-testng-customsuite.xml

2022-06-06 17:40:38 INFO  allYouPlayProject:21 - Create driver: chrome
2022-06-06 17:40:43 INFO  allYouPlayProject:21 - Opening home page: https://www.allyouplay.com/en/
2022-06-06 17:40:44 INFO  allYouPlayProject:23 - Home page opened!
2022-06-06 17:40:51 INFO  allYouPlayProject:33 - pop-up closed.
2022-06-06 17:42:02 INFO  allYouPlayProject:44 - User was previously login.
2022-06-06 17:42:02 INFO  allYouPlayProject:47 - Close driver
2022-06-06 17:42:02 WARN  WebSocketHandler:142 - onError
java.net.SocketException: Connection reset
	at java.base/sun.nio.ch.SocketChannelImpl.throwConnectionReset(SocketChannelImpl.java:394)
	at java.base/sun.nio.ch.SocketChannelImpl.read(SocketChannelImpl.java:426)
	at io.netty.buffer.PooledByteBuf.setBytes(PooledByteBuf.java:258)
	at io.netty.buffer.AbstractByteBuf.writeBytes(AbstractByteBuf.java:1132)
	at io.netty.channel.socket.nio.NioSocketChannel.doReadBytes(NioSocketChannel.java:357)
	at io.netty.channel.nio.AbstractNioByteChannel$NioByteUnsafe.read(AbstractNioByteChannel.java:151)
	at io.netty.channel.nio.NioEventLoop.processSelectedKey(NioEventLoop.java:722)
	at io.netty.channel.nio.NioEventLoop.processSelectedKeysOptimized(NioEventLoop.java:658)
	at io.netty.channel.nio.NioEventLoop.processSelectedKeys(NioEventLoop.java:584)
	at io.netty.channel.nio.NioEventLoop.run(NioEventLoop.java:496)
	at io.netty.util.concurrent.SingleThreadEventExecutor$4.run(SingleThreadEventExecutor.java:986)
	at io.netty.util.internal.ThreadExecutorMap$2.run(ThreadExecutorMap.java:74)
	at io.netty.util.concurrent.FastThreadLocalRunnable.run(FastThreadLocalRunnable.java:30)
	at java.base/java.lang.Thread.run(Thread.java:833)
2022-06-06 17:48:32 INFO  Utils:112 - [TestNG] Running:
  C:\Users\Taylan\AppData\Local\JetBrains\IdeaIC2022.1\temp-testng-customsuite.xml

2022-06-06 17:48:32 INFO  allYouPlayProject:21 - Create driver: chrome
2022-06-06 17:48:37 INFO  allYouPlayProject:21 - Opening home page: https://www.allyouplay.com/
2022-06-06 17:48:39 INFO  allYouPlayProject:23 - Home page opened!
2022-06-06 17:48:46 INFO  allYouPlayProject:33 - pop-up closed.
2022-06-06 17:48:46 INFO  allYouPlayProject:42 - User will be login.
2022-06-06 17:48:46 INFO  allYouPlayProject:47 - Close driver
2022-06-06 17:48:47 WARN  WebSocketHandler:142 - onError
java.net.SocketException: Connection reset
	at java.base/sun.nio.ch.SocketChannelImpl.throwConnectionReset(SocketChannelImpl.java:394)
	at java.base/sun.nio.ch.SocketChannelImpl.read(SocketChannelImpl.java:426)
	at io.netty.buffer.PooledByteBuf.setBytes(PooledByteBuf.java:258)
	at io.netty.buffer.AbstractByteBuf.writeBytes(AbstractByteBuf.java:1132)
	at io.netty.channel.socket.nio.NioSocketChannel.doReadBytes(NioSocketChannel.java:357)
	at io.netty.channel.nio.AbstractNioByteChannel$NioByteUnsafe.read(AbstractNioByteChannel.java:151)
	at io.netty.channel.nio.NioEventLoop.processSelectedKey(NioEventLoop.java:722)
	at io.netty.channel.nio.NioEventLoop.processSelectedKeysOptimized(NioEventLoop.java:658)
	at io.netty.channel.nio.NioEventLoop.processSelectedKeys(NioEventLoop.java:584)
	at io.netty.channel.nio.NioEventLoop.run(NioEventLoop.java:496)
	at io.netty.util.concurrent.SingleThreadEventExecutor$4.run(SingleThreadEventExecutor.java:986)
	at io.netty.util.internal.ThreadExecutorMap$2.run(ThreadExecutorMap.java:74)
	at io.netty.util.concurrent.FastThreadLocalRunnable.run(FastThreadLocalRunnable.java:30)
	at java.base/java.lang.Thread.run(Thread.java:833)
2022-06-06 17:50:00 INFO  Utils:112 - [TestNG] Running:
  C:\Users\Taylan\AppData\Local\JetBrains\IdeaIC2022.1\temp-testng-customsuite.xml

2022-06-06 17:50:00 INFO  allYouPlayProject:21 - Create driver: chrome
2022-06-06 17:50:05 INFO  allYouPlayProject:21 - Opening home page: https://www.allyouplay.com/
2022-06-06 17:50:06 INFO  allYouPlayProject:23 - Home page opened!
2022-06-06 17:50:13 INFO  allYouPlayProject:33 - pop-up closed.
2022-06-06 17:50:14 INFO  allYouPlayProject:42 - User will be login.
2022-06-06 17:50:14 INFO  allYouPlayProject:47 - Close driver
2022-06-06 17:50:14 WARN  WebSocketHandler:142 - onError
java.net.SocketException: Connection reset
	at java.base/sun.nio.ch.SocketChannelImpl.throwConnectionReset(SocketChannelImpl.java:394)
	at java.base/sun.nio.ch.SocketChannelImpl.read(SocketChannelImpl.java:426)
	at io.netty.buffer.PooledByteBuf.setBytes(PooledByteBuf.java:258)
	at io.netty.buffer.AbstractByteBuf.writeBytes(AbstractByteBuf.java:1132)
	at io.netty.channel.socket.nio.NioSocketChannel.doReadBytes(NioSocketChannel.java:357)
	at io.netty.channel.nio.AbstractNioByteChannel$NioByteUnsafe.read(AbstractNioByteChannel.java:151)
	at io.netty.channel.nio.NioEventLoop.processSelectedKey(NioEventLoop.java:722)
	at io.netty.channel.nio.NioEventLoop.processSelectedKeysOptimized(NioEventLoop.java:658)
	at io.netty.channel.nio.NioEventLoop.processSelectedKeys(NioEventLoop.java:584)
	at io.netty.channel.nio.NioEventLoop.run(NioEventLoop.java:496)
	at io.netty.util.concurrent.SingleThreadEventExecutor$4.run(SingleThreadEventExecutor.java:986)
	at io.netty.util.internal.ThreadExecutorMap$2.run(ThreadExecutorMap.java:74)
	at io.netty.util.concurrent.FastThreadLocalRunnable.run(FastThreadLocalRunnable.java:30)
	at java.base/java.lang.Thread.run(Thread.java:833)
2022-06-06 18:21:52 INFO  Utils:112 - [TestNG] Running:
  C:\Users\Taylan\AppData\Local\JetBrains\IdeaIC2022.1\temp-testng-customsuite.xml

2022-06-06 18:21:52 INFO  allYouPlayProject:21 - Create driver: firefox
2022-06-06 18:22:00 INFO  allYouPlayProject:21 - Opening home page: https://www.allyouplay.com/en/
2022-06-06 18:22:02 INFO  allYouPlayProject:23 - Home page opened!
2022-06-06 18:22:17 INFO  allYouPlayProject:33 - pop-up closed.
2022-06-06 18:22:17 INFO  allYouPlayProject:44 - User was previously login.
2022-06-06 18:23:28 ERROR allYouPlayProject:29 - User login failed.
2022-06-06 18:23:28 INFO  allYouPlayProject:47 - Close driver
2022-06-06 18:24:26 INFO  Utils:112 - [TestNG] Running:
  C:\Users\Taylan\AppData\Local\JetBrains\IdeaIC2022.1\temp-testng-customsuite.xml

2022-06-06 18:24:26 INFO  allYouPlayProject:21 - Create driver: firefox
2022-06-06 18:24:33 INFO  allYouPlayProject:21 - Opening home page: https://www.allyouplay.com/en/
2022-06-06 18:24:34 INFO  allYouPlayProject:23 - Home page opened!
2022-06-06 18:24:41 INFO  allYouPlayProject:33 - pop-up closed.
2022-06-06 18:24:41 INFO  allYouPlayProject:44 - User was previously login.
2022-06-06 18:47:38 INFO  Utils:112 - [TestNG] Running:
  C:\Users\Taylan\AppData\Local\JetBrains\IdeaIC2022.1\temp-testng-customsuite.xml

2022-06-06 18:47:38 INFO  allYouPlayProject:21 - Create driver: firefox
2022-06-06 18:47:45 INFO  allYouPlayProject:21 - Opening home page: https://www.allyouplay.com/en/
2022-06-06 18:47:46 INFO  allYouPlayProject:23 - Home page opened!
2022-06-06 18:47:53 INFO  allYouPlayProject:33 - pop-up closed.
2022-06-06 18:48:37 INFO  Utils:112 - [TestNG] Running:
  C:\Users\Taylan\AppData\Local\JetBrains\IdeaIC2022.1\temp-testng-customsuite.xml

2022-06-06 18:48:37 INFO  allYouPlayProject:21 - Create driver: firefox
2022-06-06 18:48:43 INFO  allYouPlayProject:21 - Opening home page: https://www.allyouplay.com/en/
2022-06-06 18:48:45 INFO  allYouPlayProject:23 - Home page opened!
2022-06-06 18:48:52 INFO  allYouPlayProject:33 - pop-up closed.
2022-06-06 18:50:03 INFO  allYouPlayProject:44 - User was previously login.
2022-06-06 18:50:03 INFO  allYouPlayProject:47 - Close driver
2022-06-06 18:51:42 INFO  Utils:112 - [TestNG] Running:
  C:\Users\Taylan\AppData\Local\JetBrains\IdeaIC2022.1\temp-testng-customsuite.xml

2022-06-06 18:51:42 INFO  allYouPlayProject:21 - Create driver: firefox
2022-06-06 18:51:49 INFO  allYouPlayProject:21 - Opening home page: https://www.allyouplay.com/en/
2022-06-06 18:51:52 INFO  allYouPlayProject:23 - Home page opened!
2022-06-06 18:51:58 INFO  allYouPlayProject:33 - pop-up closed.
2022-06-06 18:51:58 INFO  allYouPlayProject:44 - User was previously login.
2022-06-06 18:51:58 INFO  allYouPlayProject:47 - Close driver
2022-06-06 18:53:11 INFO  Utils:112 - [TestNG] Running:
  C:\Users\Taylan\AppData\Local\JetBrains\IdeaIC2022.1\temp-testng-customsuite.xml

2022-06-06 18:53:11 INFO  allYouPlayProject:21 - Create driver: chrome
2022-06-06 18:53:17 INFO  allYouPlayProject:21 - Opening home page: https://www.allyouplay.com/en/
2022-06-06 18:53:18 INFO  allYouPlayProject:23 - Home page opened!
2022-06-06 18:53:25 INFO  allYouPlayProject:33 - pop-up closed.
2022-06-06 18:53:26 INFO  allYouPlayProject:42 - User will be login.
2022-06-06 18:53:26 INFO  allYouPlayProject:47 - Close driver
2022-06-06 18:53:26 WARN  WebSocketHandler:142 - onError
java.net.SocketException: Connection reset
	at java.base/sun.nio.ch.SocketChannelImpl.throwConnectionReset(SocketChannelImpl.java:394)
	at java.base/sun.nio.ch.SocketChannelImpl.read(SocketChannelImpl.java:426)
	at io.netty.buffer.PooledByteBuf.setBytes(PooledByteBuf.java:258)
	at io.netty.buffer.AbstractByteBuf.writeBytes(AbstractByteBuf.java:1132)
	at io.netty.channel.socket.nio.NioSocketChannel.doReadBytes(NioSocketChannel.java:357)
	at io.netty.channel.nio.AbstractNioByteChannel$NioByteUnsafe.read(AbstractNioByteChannel.java:151)
	at io.netty.channel.nio.NioEventLoop.processSelectedKey(NioEventLoop.java:722)
	at io.netty.channel.nio.NioEventLoop.processSelectedKeysOptimized(NioEventLoop.java:658)
	at io.netty.channel.nio.NioEventLoop.processSelectedKeys(NioEventLoop.java:584)
	at io.netty.channel.nio.NioEventLoop.run(NioEventLoop.java:496)
	at io.netty.util.concurrent.SingleThreadEventExecutor$4.run(SingleThreadEventExecutor.java:986)
	at io.netty.util.internal.ThreadExecutorMap$2.run(ThreadExecutorMap.java:74)
	at io.netty.util.concurrent.FastThreadLocalRunnable.run(FastThreadLocalRunnable.java:30)
	at java.base/java.lang.Thread.run(Thread.java:833)
2022-06-06 18:54:03 INFO  Utils:112 - [TestNG] Running:
  C:\Users\Taylan\AppData\Local\JetBrains\IdeaIC2022.1\temp-testng-customsuite.xml

2022-06-06 18:54:03 INFO  allYouPlayProject:21 - Create driver: firefox
2022-06-06 18:54:10 INFO  allYouPlayProject:21 - Opening home page: https://www.allyouplay.com/en/
2022-06-06 18:54:11 INFO  allYouPlayProject:23 - Home page opened!
2022-06-06 18:54:18 INFO  allYouPlayProject:33 - pop-up closed.
2022-06-06 18:54:18 INFO  allYouPlayProject:44 - User was previously login.
2022-06-06 18:54:18 INFO  allYouPlayProject:47 - Close driver
2022-06-06 18:55:51 INFO  Utils:112 - [TestNG] Running:
  C:\Users\Taylan\AppData\Local\JetBrains\IdeaIC2022.1\temp-testng-customsuite.xml

2022-06-06 18:55:51 INFO  allYouPlayProject:21 - Create driver: firefox
2022-06-06 18:55:58 INFO  allYouPlayProject:21 - Opening home page: https://www.allyouplay.com/en/
2022-06-06 18:56:00 INFO  allYouPlayProject:23 - Home page opened!
2022-06-06 18:56:07 INFO  allYouPlayProject:33 - pop-up closed.
2022-06-06 18:56:07 INFO  allYouPlayProject:44 - User was previously login.
2022-06-06 18:56:07 INFO  allYouPlayProject:47 - Close driver
2022-06-06 18:56:30 INFO  Utils:112 - [TestNG] Running:
  C:\Users\Taylan\AppData\Local\JetBrains\IdeaIC2022.1\temp-testng-customsuite.xml

2022-06-06 18:56:30 INFO  allYouPlayProject:21 - Create driver: chrome
2022-06-06 18:56:35 INFO  allYouPlayProject:21 - Opening home page: https://www.allyouplay.com/en/
2022-06-06 18:56:36 INFO  allYouPlayProject:23 - Home page opened!
2022-06-06 18:56:43 INFO  allYouPlayProject:33 - pop-up closed.
2022-06-06 18:56:44 INFO  allYouPlayProject:42 - User will be login.
2022-06-06 18:56:44 INFO  allYouPlayProject:47 - Close driver
2022-06-06 18:57:18 INFO  Utils:112 - [TestNG] Running:
  C:\Users\Taylan\AppData\Local\JetBrains\IdeaIC2022.1\temp-testng-customsuite.xml

2022-06-06 18:57:18 INFO  allYouPlayProject:21 - Create driver: chrome
2022-06-06 18:57:23 INFO  allYouPlayProject:21 - Opening home page: https://www.allyouplay.com/en/
2022-06-06 18:57:24 INFO  allYouPlayProject:23 - Home page opened!
2022-06-06 18:57:31 INFO  allYouPlayProject:33 - pop-up closed.
2022-06-06 18:57:32 INFO  allYouPlayProject:42 - User will be login.
2022-06-06 18:57:33 INFO  allYouPlayProject:26 - User logged in.
2022-06-06 18:57:33 INFO  allYouPlayProject:47 - Close driver
2022-06-06 19:11:02 INFO  Utils:112 - [TestNG] Running:
  C:\Users\Taylan\AppData\Local\JetBrains\IdeaIC2022.1\temp-testng-customsuite.xml

2022-06-06 19:11:02 INFO  allYouPlayProject:21 - Create driver: chrome
2022-06-06 19:11:07 INFO  allYouPlayProject:22 - Opening home page: https://www.allyouplay.com/en/
2022-06-06 19:11:08 INFO  allYouPlayProject:24 - Home page opened!
2022-06-06 19:11:15 INFO  allYouPlayProject:34 - pop-up closed.
2022-06-06 19:11:16 INFO  allYouPlayProject:43 - User will be login.
2022-06-06 19:11:18 INFO  allYouPlayProject:26 - User logged in.
2022-06-06 19:11:18 INFO  allYouPlayProject:47 - Close driver
2022-06-06 19:11:18 WARN  WebSocketHandler:142 - onError
java.net.SocketException: Connection reset
	at java.base/sun.nio.ch.SocketChannelImpl.throwConnectionReset(SocketChannelImpl.java:394)
	at java.base/sun.nio.ch.SocketChannelImpl.read(SocketChannelImpl.java:426)
	at io.netty.buffer.PooledByteBuf.setBytes(PooledByteBuf.java:258)
	at io.netty.buffer.AbstractByteBuf.writeBytes(AbstractByteBuf.java:1132)
	at io.netty.channel.socket.nio.NioSocketChannel.doReadBytes(NioSocketChannel.java:357)
	at io.netty.channel.nio.AbstractNioByteChannel$NioByteUnsafe.read(AbstractNioByteChannel.java:151)
	at io.netty.channel.nio.NioEventLoop.processSelectedKey(NioEventLoop.java:722)
	at io.netty.channel.nio.NioEventLoop.processSelectedKeysOptimized(NioEventLoop.java:658)
	at io.netty.channel.nio.NioEventLoop.processSelectedKeys(NioEventLoop.java:584)
	at io.netty.channel.nio.NioEventLoop.run(NioEventLoop.java:496)
	at io.netty.util.concurrent.SingleThreadEventExecutor$4.run(SingleThreadEventExecutor.java:986)
	at io.netty.util.internal.ThreadExecutorMap$2.run(ThreadExecutorMap.java:74)
	at io.netty.util.concurrent.FastThreadLocalRunnable.run(FastThreadLocalRunnable.java:30)
	at java.base/java.lang.Thread.run(Thread.java:833)
2022-06-06 19:13:39 INFO  Utils:112 - [TestNG] Running:
  C:\Users\Taylan\AppData\Local\JetBrains\IdeaIC2022.1\temp-testng-customsuite.xml

2022-06-06 19:13:40 INFO  allYouPlayProject:21 - Create driver: chrome
2022-06-06 19:13:45 INFO  allYouPlayProject:22 - Opening home page: https://www.allyouplay.com/en/
2022-06-06 19:13:46 INFO  allYouPlayProject:24 - Home page opened!
2022-06-06 19:13:53 INFO  allYouPlayProject:34 - pop-up closed.
2022-06-06 19:13:54 INFO  allYouPlayProject:43 - User will be login.
2022-06-06 19:13:56 INFO  allYouPlayProject:26 - User logged in.
2022-06-06 19:14:54 INFO  Utils:112 - [TestNG] Running:
  C:\Users\Taylan\AppData\Local\JetBrains\IdeaIC2022.1\temp-testng-customsuite.xml

2022-06-06 19:14:54 INFO  allYouPlayProject:21 - Create driver: chrome
2022-06-06 19:15:00 INFO  allYouPlayProject:22 - Opening home page: https://www.allyouplay.com/en/
2022-06-06 19:15:01 INFO  allYouPlayProject:24 - Home page opened!
2022-06-06 19:15:08 INFO  allYouPlayProject:34 - pop-up closed.
2022-06-06 19:15:09 INFO  allYouPlayProject:43 - User will be login.
2022-06-06 19:15:10 INFO  allYouPlayProject:26 - User logged in.
2022-06-06 19:15:21 INFO  allYouPlayProject:47 - Close driver
2022-06-06 19:36:18 INFO  Utils:112 - [TestNG] Running:
  C:\Users\Taylan\AppData\Local\JetBrains\IdeaIC2022.1\temp-testng-customsuite.xml

2022-06-06 19:36:18 INFO  allYouPlayProject:21 - Create driver: chrome
2022-06-06 19:36:23 INFO  allYouPlayProject:27 - Opening home page: https://www.allyouplay.com/en/
2022-06-06 19:36:24 INFO  allYouPlayProject:29 - Home page opened!
2022-06-06 19:36:32 INFO  allYouPlayProject:39 - pop-up closed.
2022-06-06 19:36:33 INFO  allYouPlayProject:48 - User will be login.
2022-06-06 19:36:34 INFO  allYouPlayProject:26 - User logged in.
2022-06-06 19:36:35 INFO  allYouPlayProject:59 - My basket is opened
2022-06-06 19:36:45 INFO  allYouPlayProject:47 - Close driver
2022-06-06 19:36:45 WARN  WebSocketHandler:142 - onError
java.net.SocketException: Connection reset
	at java.base/sun.nio.ch.SocketChannelImpl.throwConnectionReset(SocketChannelImpl.java:394)
	at java.base/sun.nio.ch.SocketChannelImpl.read(SocketChannelImpl.java:426)
	at io.netty.buffer.PooledByteBuf.setBytes(PooledByteBuf.java:258)
	at io.netty.buffer.AbstractByteBuf.writeBytes(AbstractByteBuf.java:1132)
	at io.netty.buffer.WrappedByteBuf.writeBytes(WrappedByteBuf.java:821)
	at io.netty.channel.socket.nio.NioSocketChannel.doReadBytes(NioSocketChannel.java:357)
	at io.netty.channel.nio.AbstractNioByteChannel$NioByteUnsafe.read(AbstractNioByteChannel.java:151)
	at io.netty.channel.nio.NioEventLoop.processSelectedKey(NioEventLoop.java:722)
	at io.netty.channel.nio.NioEventLoop.processSelectedKeysOptimized(NioEventLoop.java:658)
	at io.netty.channel.nio.NioEventLoop.processSelectedKeys(NioEventLoop.java:584)
	at io.netty.channel.nio.NioEventLoop.run(NioEventLoop.java:496)
	at io.netty.util.concurrent.SingleThreadEventExecutor$4.run(SingleThreadEventExecutor.java:986)
	at io.netty.util.internal.ThreadExecutorMap$2.run(ThreadExecutorMap.java:74)
	at io.netty.util.concurrent.FastThreadLocalRunnable.run(FastThreadLocalRunnable.java:30)
	at java.base/java.lang.Thread.run(Thread.java:833)
2022-06-06 19:37:40 INFO  Utils:112 - [TestNG] Running:
  C:\Users\Taylan\AppData\Local\JetBrains\IdeaIC2022.1\temp-testng-customsuite.xml

2022-06-06 19:37:40 INFO  allYouPlayProject:21 - Create driver: chrome
2022-06-06 19:37:45 INFO  allYouPlayProject:27 - Opening home page: https://www.allyouplay.com/en/
2022-06-06 19:37:45 INFO  allYouPlayProject:29 - Home page opened!
2022-06-06 19:37:52 INFO  allYouPlayProject:39 - pop-up closed.
2022-06-06 19:37:53 INFO  allYouPlayProject:48 - User will be login.
2022-06-06 19:37:55 INFO  allYouPlayProject:26 - User logged in.
2022-06-06 19:37:55 INFO  allYouPlayProject:59 - My basket is opened
2022-06-06 19:38:06 INFO  allYouPlayProject:47 - Close driver
2022-06-06 19:39:15 INFO  Utils:112 - [TestNG] Running:
  C:\Users\Taylan\AppData\Local\JetBrains\IdeaIC2022.1\temp-testng-customsuite.xml

2022-06-06 19:39:15 INFO  allYouPlayProject:21 - Create driver: chrome
2022-06-06 19:39:20 INFO  allYouPlayProject:27 - Opening home page: https://www.allyouplay.com/en/
2022-06-06 19:39:20 INFO  allYouPlayProject:29 - Home page opened!
2022-06-06 19:39:27 INFO  allYouPlayProject:39 - pop-up closed.
2022-06-06 19:39:28 INFO  allYouPlayProject:48 - User will be login.
2022-06-06 19:39:30 INFO  allYouPlayProject:26 - User logged in.
2022-06-06 19:39:30 INFO  allYouPlayProject:59 - My basket is opened
2022-06-06 19:39:41 INFO  allYouPlayProject:47 - Close driver
2022-06-06 19:40:56 INFO  Utils:112 - [TestNG] Running:
  C:\Users\Taylan\AppData\Local\JetBrains\IdeaIC2022.1\temp-testng-customsuite.xml

2022-06-06 19:40:56 INFO  allYouPlayProject:21 - Create driver: chrome
2022-06-06 19:41:02 INFO  allYouPlayProject:27 - Opening home page: https://www.allyouplay.com/en/
2022-06-06 19:41:02 INFO  allYouPlayProject:29 - Home page opened!
2022-06-06 19:41:10 INFO  allYouPlayProject:39 - pop-up closed.
2022-06-06 19:41:11 INFO  allYouPlayProject:48 - User will be login.
2022-06-06 19:41:12 INFO  allYouPlayProject:26 - User logged in.
2022-06-06 19:41:13 INFO  allYouPlayProject:59 - My basket is opened
2022-06-06 19:41:23 INFO  allYouPlayProject:47 - Close driver
2022-06-06 19:41:23 WARN  WebSocketHandler:142 - onError
java.net.SocketException: Connection reset
	at java.base/sun.nio.ch.SocketChannelImpl.throwConnectionReset(SocketChannelImpl.java:394)
	at java.base/sun.nio.ch.SocketChannelImpl.read(SocketChannelImpl.java:426)
	at io.netty.buffer.PooledByteBuf.setBytes(PooledByteBuf.java:258)
	at io.netty.buffer.AbstractByteBuf.writeBytes(AbstractByteBuf.java:1132)
	at io.netty.channel.socket.nio.NioSocketChannel.doReadBytes(NioSocketChannel.java:357)
	at io.netty.channel.nio.AbstractNioByteChannel$NioByteUnsafe.read(AbstractNioByteChannel.java:151)
	at io.netty.channel.nio.NioEventLoop.processSelectedKey(NioEventLoop.java:722)
	at io.netty.channel.nio.NioEventLoop.processSelectedKeysOptimized(NioEventLoop.java:658)
	at io.netty.channel.nio.NioEventLoop.processSelectedKeys(NioEventLoop.java:584)
	at io.netty.channel.nio.NioEventLoop.run(NioEventLoop.java:496)
	at io.netty.util.concurrent.SingleThreadEventExecutor$4.run(SingleThreadEventExecutor.java:986)
	at io.netty.util.internal.ThreadExecutorMap$2.run(ThreadExecutorMap.java:74)
	at io.netty.util.concurrent.FastThreadLocalRunnable.run(FastThreadLocalRunnable.java:30)
	at java.base/java.lang.Thread.run(Thread.java:833)
2022-06-06 19:43:33 INFO  Utils:112 - [TestNG] Running:
  C:\Users\Taylan\AppData\Local\JetBrains\IdeaIC2022.1\temp-testng-customsuite.xml

2022-06-06 19:43:33 INFO  allYouPlayProject:21 - Create driver: chrome
2022-06-06 19:43:38 INFO  allYouPlayProject:27 - Opening home page: https://www.allyouplay.com/en/
2022-06-06 19:43:40 INFO  allYouPlayProject:29 - Home page opened!
2022-06-06 19:43:47 INFO  allYouPlayProject:39 - pop-up closed.
2022-06-06 19:43:48 INFO  allYouPlayProject:48 - User will be login.
2022-06-06 19:43:50 INFO  allYouPlayProject:26 - User logged in.
2022-06-06 19:43:51 INFO  allYouPlayProject:59 - My basket is opened
2022-06-06 19:43:51 INFO  allYouPlayProject:47 - Close driver
2022-06-06 19:43:51 WARN  WebSocketHandler:142 - onError
java.net.SocketException: Connection reset
	at java.base/sun.nio.ch.SocketChannelImpl.throwConnectionReset(SocketChannelImpl.java:394)
	at java.base/sun.nio.ch.SocketChannelImpl.read(SocketChannelImpl.java:426)
	at io.netty.buffer.PooledByteBuf.setBytes(PooledByteBuf.java:258)
	at io.netty.buffer.AbstractByteBuf.writeBytes(AbstractByteBuf.java:1132)
	at io.netty.channel.socket.nio.NioSocketChannel.doReadBytes(NioSocketChannel.java:357)
	at io.netty.channel.nio.AbstractNioByteChannel$NioByteUnsafe.read(AbstractNioByteChannel.java:151)
	at io.netty.channel.nio.NioEventLoop.processSelectedKey(NioEventLoop.java:722)
	at io.netty.channel.nio.NioEventLoop.processSelectedKeysOptimized(NioEventLoop.java:658)
	at io.netty.channel.nio.NioEventLoop.processSelectedKeys(NioEventLoop.java:584)
	at io.netty.channel.nio.NioEventLoop.run(NioEventLoop.java:496)
	at io.netty.util.concurrent.SingleThreadEventExecutor$4.run(SingleThreadEventExecutor.java:986)
	at io.netty.util.internal.ThreadExecutorMap$2.run(ThreadExecutorMap.java:74)
	at io.netty.util.concurrent.FastThreadLocalRunnable.run(FastThreadLocalRunnable.java:30)
	at java.base/java.lang.Thread.run(Thread.java:833)
2022-06-06 19:44:42 INFO  Utils:112 - [TestNG] Running:
  C:\Users\Taylan\AppData\Local\JetBrains\IdeaIC2022.1\temp-testng-customsuite.xml

2022-06-06 19:44:42 INFO  allYouPlayProject:21 - Create driver: chrome
2022-06-06 19:44:47 INFO  allYouPlayProject:27 - Opening home page: https://www.allyouplay.com/en/
2022-06-06 19:44:48 INFO  allYouPlayProject:29 - Home page opened!
2022-06-06 19:44:55 INFO  allYouPlayProject:39 - pop-up closed.
2022-06-06 19:44:56 INFO  allYouPlayProject:48 - User will be login.
2022-06-06 19:44:57 INFO  allYouPlayProject:26 - User logged in.
2022-06-06 19:44:58 INFO  allYouPlayProject:59 - My basket is opened
2022-06-06 19:44:58 INFO  allYouPlayProject:47 - Close driver
2022-06-06 19:46:05 INFO  Utils:112 - [TestNG] Running:
  C:\Users\Taylan\AppData\Local\JetBrains\IdeaIC2022.1\temp-testng-customsuite.xml

2022-06-06 19:46:05 INFO  allYouPlayProject:21 - Create driver: chrome
2022-06-06 19:46:10 INFO  allYouPlayProject:27 - Opening home page: https://www.allyouplay.com/en/
2022-06-06 19:46:11 INFO  allYouPlayProject:29 - Home page opened!
2022-06-06 19:46:18 INFO  allYouPlayProject:39 - pop-up closed.
2022-06-06 19:46:18 INFO  allYouPlayProject:48 - User will be login.
2022-06-06 19:46:20 INFO  allYouPlayProject:26 - User logged in.
2022-06-06 19:46:20 INFO  allYouPlayProject:59 - My basket is opened
2022-06-06 19:46:20 INFO  allYouPlayProject:47 - Close driver
2022-06-07 06:13:27 INFO  Utils:112 - [TestNG] Running:
  C:\Users\Taylan\AppData\Local\JetBrains\IdeaIC2022.1\temp-testng-customsuite.xml

2022-06-07 06:13:27 INFO  allYouPlayProject:21 - Create driver: chrome
2022-06-07 06:13:33 INFO  allYouPlayProject:27 - Opening home page: https://www.allyouplay.com/en/
2022-06-07 06:13:35 INFO  allYouPlayProject:29 - Home page opened!
2022-06-07 06:13:43 INFO  allYouPlayProject:39 - pop-up closed.
2022-06-07 06:13:44 INFO  allYouPlayProject:48 - User will be login.
2022-06-07 06:13:45 INFO  allYouPlayProject:26 - User logged in.
2022-06-07 06:13:46 INFO  allYouPlayProject:59 - My basket is opened
2022-06-07 06:13:46 INFO  allYouPlayProject:47 - Close driver
2022-06-07 06:13:46 WARN  WebSocketHandler:142 - onError
java.net.SocketException: Connection reset
	at java.base/sun.nio.ch.SocketChannelImpl.throwConnectionReset(SocketChannelImpl.java:394)
	at java.base/sun.nio.ch.SocketChannelImpl.read(SocketChannelImpl.java:426)
	at io.netty.buffer.PooledByteBuf.setBytes(PooledByteBuf.java:258)
	at io.netty.buffer.AbstractByteBuf.writeBytes(AbstractByteBuf.java:1132)
	at io.netty.channel.socket.nio.NioSocketChannel.doReadBytes(NioSocketChannel.java:357)
	at io.netty.channel.nio.AbstractNioByteChannel$NioByteUnsafe.read(AbstractNioByteChannel.java:151)
	at io.netty.channel.nio.NioEventLoop.processSelectedKey(NioEventLoop.java:722)
	at io.netty.channel.nio.NioEventLoop.processSelectedKeysOptimized(NioEventLoop.java:658)
	at io.netty.channel.nio.NioEventLoop.processSelectedKeys(NioEventLoop.java:584)
	at io.netty.channel.nio.NioEventLoop.run(NioEventLoop.java:496)
	at io.netty.util.concurrent.SingleThreadEventExecutor$4.run(SingleThreadEventExecutor.java:986)
	at io.netty.util.internal.ThreadExecutorMap$2.run(ThreadExecutorMap.java:74)
	at io.netty.util.concurrent.FastThreadLocalRunnable.run(FastThreadLocalRunnable.java:30)
	at java.base/java.lang.Thread.run(Thread.java:833)
2022-06-07 06:14:04 INFO  Utils:112 - [TestNG] Running:
  C:\Users\Taylan\AppData\Local\JetBrains\IdeaIC2022.1\temp-testng-customsuite.xml

2022-06-07 06:14:04 INFO  allYouPlayProject:21 - Create driver: chrome
2022-06-07 06:14:09 INFO  allYouPlayProject:27 - Opening home page: https://www.allyouplay.com/en/
2022-06-07 06:14:10 INFO  allYouPlayProject:29 - Home page opened!
2022-06-07 06:14:17 INFO  allYouPlayProject:39 - pop-up closed.
2022-06-07 06:14:18 INFO  allYouPlayProject:48 - User will be login.
2022-06-07 06:14:19 INFO  allYouPlayProject:26 - User logged in.
2022-06-07 06:14:20 INFO  allYouPlayProject:59 - My basket is opened
2022-06-07 06:14:20 INFO  allYouPlayProject:47 - Close driver
2022-06-07 06:18:09 INFO  Utils:112 - [TestNG] Running:
  C:\Users\Taylan\AppData\Local\JetBrains\IdeaIC2022.1\temp-testng-customsuite.xml

2022-06-07 06:18:09 INFO  allYouPlayProject:21 - Create driver: chrome
2022-06-07 06:18:14 INFO  allYouPlayProject:27 - Opening home page: https://www.allyouplay.com/en/
2022-06-07 06:18:15 INFO  allYouPlayProject:29 - Home page opened!
2022-06-07 06:18:22 INFO  allYouPlayProject:39 - pop-up closed.
2022-06-07 06:18:43 INFO  allYouPlayProject:50 - User was previously login.
2022-06-07 06:19:04 ERROR allYouPlayProject:29 - User login failed.
2022-06-07 06:19:14 INFO  Utils:112 - [TestNG] Running:
  C:\Users\Taylan\AppData\Local\JetBrains\IdeaIC2022.1\temp-testng-customsuite.xml

2022-06-07 06:19:14 INFO  allYouPlayProject:21 - Create driver: chrome
2022-06-07 06:19:19 INFO  allYouPlayProject:27 - Opening home page: https://www.allyouplay.com/en/
2022-06-07 06:19:20 INFO  allYouPlayProject:29 - Home page opened!
2022-06-07 06:19:27 INFO  allYouPlayProject:39 - pop-up closed.
2022-06-07 06:19:28 INFO  allYouPlayProject:48 - User will be login.
2022-06-07 06:19:29 INFO  allYouPlayProject:26 - User logged in.
2022-06-07 06:19:30 INFO  allYouPlayProject:59 - My basket is opened
2022-06-07 06:19:30 INFO  allYouPlayProject:47 - Close driver
2022-06-07 06:19:30 WARN  WebSocketHandler:142 - onError
java.net.SocketException: Connection reset
	at java.base/sun.nio.ch.SocketChannelImpl.throwConnectionReset(SocketChannelImpl.java:394)
	at java.base/sun.nio.ch.SocketChannelImpl.read(SocketChannelImpl.java:426)
	at io.netty.buffer.PooledByteBuf.setBytes(PooledByteBuf.java:258)
	at io.netty.buffer.AbstractByteBuf.writeBytes(AbstractByteBuf.java:1132)
	at io.netty.channel.socket.nio.NioSocketChannel.doReadBytes(NioSocketChannel.java:357)
	at io.netty.channel.nio.AbstractNioByteChannel$NioByteUnsafe.read(AbstractNioByteChannel.java:151)
	at io.netty.channel.nio.NioEventLoop.processSelectedKey(NioEventLoop.java:722)
	at io.netty.channel.nio.NioEventLoop.processSelectedKeysOptimized(NioEventLoop.java:658)
	at io.netty.channel.nio.NioEventLoop.processSelectedKeys(NioEventLoop.java:584)
	at io.netty.channel.nio.NioEventLoop.run(NioEventLoop.java:496)
	at io.netty.util.concurrent.SingleThreadEventExecutor$4.run(SingleThreadEventExecutor.java:986)
	at io.netty.util.internal.ThreadExecutorMap$2.run(ThreadExecutorMap.java:74)
	at io.netty.util.concurrent.FastThreadLocalRunnable.run(FastThreadLocalRunnable.java:30)
	at java.base/java.lang.Thread.run(Thread.java:833)
2022-06-07 06:20:01 INFO  Utils:112 - [TestNG] Running:
  C:\Users\Taylan\AppData\Local\JetBrains\IdeaIC2022.1\temp-testng-customsuite.xml

2022-06-07 06:20:01 INFO  allYouPlayProject:21 - Create driver: firefox
2022-06-07 06:20:09 INFO  allYouPlayProject:27 - Opening home page: https://www.allyouplay.com/en/
2022-06-07 06:20:10 INFO  allYouPlayProject:29 - Home page opened!
2022-06-07 06:20:17 INFO  allYouPlayProject:39 - pop-up closed.
2022-06-07 06:20:17 INFO  allYouPlayProject:50 - User was previously login.
2022-06-07 06:20:33 INFO  allYouPlayProject:26 - User logged in.
2022-06-07 06:20:34 INFO  allYouPlayProject:59 - My basket is opened
2022-06-07 06:20:34 INFO  allYouPlayProject:47 - Close driver
2022-06-07 06:21:54 INFO  Utils:112 - [TestNG] Running:
  C:\Users\Taylan\AppData\Local\JetBrains\IdeaIC2022.1\temp-testng-customsuite.xml

2022-06-07 06:21:54 INFO  allYouPlayProject:21 - Create driver: firefox
2022-06-07 06:22:01 INFO  allYouPlayProject:27 - Opening home page: https://www.allyouplay.com/en/
2022-06-07 06:22:02 INFO  allYouPlayProject:29 - Home page opened!
2022-06-07 06:22:09 INFO  allYouPlayProject:39 - pop-up closed.
2022-06-07 06:22:09 INFO  allYouPlayProject:50 - User was previously login.
2022-06-07 06:22:29 ERROR allYouPlayProject:29 - User login failed.
2022-06-07 06:22:40 INFO  allYouPlayProject:47 - Close driver
2022-06-07 06:23:27 INFO  Utils:112 - [TestNG] Running:
  C:\Users\Taylan\AppData\Local\JetBrains\IdeaIC2022.1\temp-testng-customsuite.xml

2022-06-07 06:23:27 INFO  allYouPlayProject:21 - Create driver: firefox
2022-06-07 06:23:33 INFO  allYouPlayProject:27 - Opening home page: https://www.allyouplay.com/en/
2022-06-07 06:23:34 INFO  allYouPlayProject:29 - Home page opened!
2022-06-07 06:23:41 INFO  allYouPlayProject:39 - pop-up closed.
2022-06-07 06:23:41 INFO  allYouPlayProject:50 - User was previously login.
2022-06-07 06:23:41 INFO  allYouPlayProject:47 - Close driver
2022-06-07 06:28:18 INFO  Utils:112 - [TestNG] Running:
  C:\Users\Taylan\AppData\Local\JetBrains\IdeaIC2022.1\temp-testng-customsuite.xml

2022-06-07 06:28:19 INFO  allYouPlayProject:21 - Create driver: firefox
2022-06-07 06:28:26 INFO  allYouPlayProject:27 - Opening home page: https://www.allyouplay.com/en/
2022-06-07 06:28:28 INFO  allYouPlayProject:29 - Home page opened!
2022-06-07 06:28:35 INFO  allYouPlayProject:39 - pop-up closed.
2022-06-07 06:28:35 INFO  allYouPlayProject:50 - User was previously login.
2022-06-07 06:28:35 INFO  allYouPlayProject:47 - Close driver
2022-06-07 06:29:23 INFO  Utils:112 - [TestNG] Running:
  C:\Users\Taylan\AppData\Local\JetBrains\IdeaIC2022.1\temp-testng-customsuite.xml

2022-06-07 06:29:23 INFO  allYouPlayProject:21 - Create driver: firefox
2022-06-07 06:29:29 INFO  allYouPlayProject:27 - Opening home page: https://www.allyouplay.com/en/
2022-06-07 06:29:31 INFO  allYouPlayProject:29 - Home page opened!
2022-06-07 06:29:37 INFO  allYouPlayProject:39 - pop-up closed.
2022-06-07 06:29:38 INFO  allYouPlayProject:51 - User was previously login.
2022-06-07 06:29:38 INFO  allYouPlayProject:47 - Close driver
2022-06-07 06:30:03 INFO  Utils:112 - [TestNG] Running:
  C:\Users\Taylan\AppData\Local\JetBrains\IdeaIC2022.1\temp-testng-customsuite.xml

2022-06-07 06:30:03 INFO  allYouPlayProject:21 - Create driver: firefox
2022-06-07 06:30:09 INFO  allYouPlayProject:27 - Opening home page: https://www.allyouplay.com/en/
2022-06-07 06:30:10 INFO  allYouPlayProject:29 - Home page opened!
2022-06-07 06:30:17 INFO  allYouPlayProject:39 - pop-up closed.
2022-06-07 06:30:17 INFO  allYouPlayProject:49 - User will be login.
2022-06-07 06:30:17 INFO  allYouPlayProject:47 - Close driver
2022-06-07 06:32:19 INFO  Utils:112 - [TestNG] Running:
  C:\Users\Taylan\AppData\Local\JetBrains\IdeaIC2022.1\temp-testng-customsuite.xml

2022-06-07 06:32:19 INFO  allYouPlayProject:21 - Create driver: firefox
2022-06-07 06:32:25 INFO  allYouPlayProject:27 - Opening home page: https://www.allyouplay.com/en/
2022-06-07 06:32:27 INFO  allYouPlayProject:29 - Home page opened!
2022-06-07 06:32:34 INFO  allYouPlayProject:39 - pop-up closed.
2022-06-07 06:32:34 INFO  allYouPlayProject:51 - User was previously login.
2022-06-07 06:32:34 INFO  allYouPlayProject:47 - Close driver
2022-06-07 06:39:19 INFO  Utils:112 - [TestNG] Running:
  C:\Users\Taylan\AppData\Local\JetBrains\IdeaIC2022.1\temp-testng-customsuite.xml

2022-06-07 06:39:19 INFO  allYouPlayProject:21 - Create driver: firefox
2022-06-07 06:39:25 INFO  allYouPlayProject:27 - Opening home page: https://www.allyouplay.com/en/
2022-06-07 06:39:27 INFO  allYouPlayProject:29 - Home page opened!
2022-06-07 06:39:45 INFO  allYouPlayProject:39 - pop-up closed.
2022-06-07 06:39:45 INFO  allYouPlayProject:49 - User will be login.
2022-06-07 06:39:45 INFO  allYouPlayProject:47 - Close driver
2022-06-07 06:45:55 INFO  Utils:112 - [TestNG] Running:
  C:\Users\Taylan\AppData\Local\JetBrains\IdeaIC2022.1\temp-testng-customsuite.xml

2022-06-07 06:45:55 INFO  allYouPlayProject:21 - Create driver: firefox
2022-06-07 06:45:59 INFO  allYouPlayProject:27 - Opening home page: https://www.allyouplay.com/en/
2022-06-07 06:46:00 INFO  allYouPlayProject:29 - Home page opened!
2022-06-07 06:46:20 INFO  allYouPlayProject:39 - pop-up closed.
2022-06-07 06:46:23 INFO  allYouPlayProject:50 - User will be login.
2022-06-07 06:46:23 INFO  allYouPlayProject:40 - Close driver
2022-06-07 06:47:24 INFO  Utils:112 - [TestNG] Running:
  C:\Users\Taylan\AppData\Local\JetBrains\IdeaIC2022.1\temp-testng-customsuite.xml

2022-06-07 06:47:24 INFO  allYouPlayProject:21 - Create driver: firefox
2022-06-07 06:47:28 INFO  allYouPlayProject:27 - Opening home page: https://www.allyouplay.com/en/
2022-06-07 06:47:29 INFO  allYouPlayProject:29 - Home page opened!
2022-06-07 06:47:36 INFO  allYouPlayProject:39 - pop-up closed.
2022-06-07 06:47:39 INFO  allYouPlayProject:49 - User will be login.
2022-06-07 06:47:41 INFO  allYouPlayProject:26 - User logged in.
2022-06-07 06:47:42 INFO  allYouPlayProject:60 - My basket is opened
2022-06-07 06:47:42 INFO  allYouPlayProject:40 - Close driver
2022-06-07 06:49:30 INFO  Utils:112 - [TestNG] Running:
  C:\Users\Taylan\AppData\Local\JetBrains\IdeaIC2022.1\temp-testng-customsuite.xml

2022-06-07 06:49:30 INFO  allYouPlayProject:21 - Create driver: chrome
2022-06-07 06:49:32 INFO  allYouPlayProject:27 - Opening home page: https://www.allyouplay.com/en/
2022-06-07 06:49:33 INFO  allYouPlayProject:29 - Home page opened!
2022-06-07 06:49:40 INFO  allYouPlayProject:39 - pop-up closed.
2022-06-07 06:49:43 INFO  allYouPlayProject:49 - User will be login.
2022-06-07 06:49:45 INFO  allYouPlayProject:26 - User logged in.
2022-06-07 06:49:46 INFO  allYouPlayProject:60 - My basket is opened
2022-06-07 06:49:46 INFO  allYouPlayProject:40 - Close driver
2022-06-07 06:49:46 WARN  WebSocketHandler:142 - onError
java.net.SocketException: Connection reset
	at java.base/sun.nio.ch.SocketChannelImpl.throwConnectionReset(SocketChannelImpl.java:394)
	at java.base/sun.nio.ch.SocketChannelImpl.read(SocketChannelImpl.java:426)
	at io.netty.buffer.PooledByteBuf.setBytes(PooledByteBuf.java:258)
	at io.netty.buffer.AbstractByteBuf.writeBytes(AbstractByteBuf.java:1132)
	at io.netty.channel.socket.nio.NioSocketChannel.doReadBytes(NioSocketChannel.java:357)
	at io.netty.channel.nio.AbstractNioByteChannel$NioByteUnsafe.read(AbstractNioByteChannel.java:151)
	at io.netty.channel.nio.NioEventLoop.processSelectedKey(NioEventLoop.java:722)
	at io.netty.channel.nio.NioEventLoop.processSelectedKeysOptimized(NioEventLoop.java:658)
	at io.netty.channel.nio.NioEventLoop.processSelectedKeys(NioEventLoop.java:584)
	at io.netty.channel.nio.NioEventLoop.run(NioEventLoop.java:496)
	at io.netty.util.concurrent.SingleThreadEventExecutor$4.run(SingleThreadEventExecutor.java:986)
	at io.netty.util.internal.ThreadExecutorMap$2.run(ThreadExecutorMap.java:74)
	at io.netty.util.concurrent.FastThreadLocalRunnable.run(FastThreadLocalRunnable.java:30)
	at java.base/java.lang.Thread.run(Thread.java:833)
2022-06-07 06:49:59 INFO  Utils:112 - [TestNG] Running:
  C:\Users\Taylan\AppData\Local\JetBrains\IdeaIC2022.1\temp-testng-customsuite.xml

2022-06-07 06:49:59 INFO  allYouPlayProject:21 - Create driver: chrome
2022-06-07 06:50:01 INFO  allYouPlayProject:27 - Opening home page: https://www.allyouplay.com/en/
2022-06-07 06:50:02 INFO  allYouPlayProject:29 - Home page opened!
2022-06-07 06:50:08 INFO  allYouPlayProject:39 - pop-up closed.
2022-06-07 06:50:11 INFO  allYouPlayProject:49 - User will be login.
2022-06-07 06:50:13 INFO  allYouPlayProject:26 - User logged in.
2022-06-07 06:50:13 INFO  allYouPlayProject:60 - My basket is opened
2022-06-07 06:50:13 INFO  allYouPlayProject:40 - Close driver
2022-06-07 07:29:11 INFO  Utils:112 - [TestNG] Running:
  C:\Users\Taylan\IdeaProjects\allYouPlayProject\src\test\resources\TestSuites\PositiveLogInTestSuite.xml

2022-06-07 07:29:11 INFO  PositiveLogInTest:21 - Create driver: chrome
2022-06-07 07:29:13 INFO  PositiveLogInTest:27 - Opening home page: https://www.allyouplay.com/en/
2022-06-07 07:29:15 INFO  PositiveLogInTest:29 - Home page opened!
2022-06-07 07:29:22 INFO  PositiveLogInTest:39 - pop-up closed.
2022-06-07 07:29:24 INFO  PositiveLogInTest:49 - User will be login.
2022-06-07 07:29:26 INFO  PositiveLogInTest:26 - User logged in.
2022-06-07 07:29:27 INFO  PositiveLogInTest:60 - My basket is opened
2022-06-07 07:29:27 INFO  PositiveLogInTest:40 - Close driver
2022-06-07 07:29:27 WARN  WebSocketHandler:142 - onError
java.net.SocketException: Connection reset
	at java.base/sun.nio.ch.SocketChannelImpl.throwConnectionReset(SocketChannelImpl.java:394)
	at java.base/sun.nio.ch.SocketChannelImpl.read(SocketChannelImpl.java:426)
	at io.netty.buffer.PooledByteBuf.setBytes(PooledByteBuf.java:258)
	at io.netty.buffer.AbstractByteBuf.writeBytes(AbstractByteBuf.java:1132)
	at io.netty.channel.socket.nio.NioSocketChannel.doReadBytes(NioSocketChannel.java:357)
	at io.netty.channel.nio.AbstractNioByteChannel$NioByteUnsafe.read(AbstractNioByteChannel.java:151)
	at io.netty.channel.nio.NioEventLoop.processSelectedKey(NioEventLoop.java:722)
	at io.netty.channel.nio.NioEventLoop.processSelectedKeysOptimized(NioEventLoop.java:658)
	at io.netty.channel.nio.NioEventLoop.processSelectedKeys(NioEventLoop.java:584)
	at io.netty.channel.nio.NioEventLoop.run(NioEventLoop.java:496)
	at io.netty.util.concurrent.SingleThreadEventExecutor$4.run(SingleThreadEventExecutor.java:986)
	at io.netty.util.internal.ThreadExecutorMap$2.run(ThreadExecutorMap.java:74)
	at io.netty.util.concurrent.FastThreadLocalRunnable.run(FastThreadLocalRunnable.java:30)
	at java.base/java.lang.Thread.run(Thread.java:833)
2022-06-07 07:29:45 INFO  Utils:112 - [TestNG] Running:
  C:\Users\Taylan\IdeaProjects\allYouPlayProject\src\test\resources\TestSuites\PositiveLogInTestSuite.xml

2022-06-07 07:29:45 INFO  PositiveLogInTest:21 - Create driver: chrome
2022-06-07 07:29:47 INFO  PositiveLogInTest:27 - Opening home page: https://www.allyouplay.com/en/
2022-06-07 07:29:48 INFO  PositiveLogInTest:29 - Home page opened!
2022-06-07 07:29:55 INFO  PositiveLogInTest:39 - pop-up closed.
2022-06-07 07:29:58 INFO  PositiveLogInTest:49 - User will be login.
2022-06-07 07:29:59 INFO  PositiveLogInTest:26 - User logged in.
2022-06-07 07:30:00 INFO  PositiveLogInTest:60 - My basket is opened
2022-06-07 07:30:00 INFO  PositiveLogInTest:40 - Close driver
2022-06-07 07:37:06 INFO  Utils:112 - [TestNG] Running:
  C:\Users\Taylan\IdeaProjects\allYouPlayProject\src\test\resources\TestSuites\PositiveLogInTestSuite.xml

2022-06-07 07:37:06 INFO  PositiveLogInTest:21 - Create driver: chrome
2022-06-07 07:37:08 INFO  PositiveLogInTest:27 - Opening home page: https://www.allyouplay.com/en/
2022-06-07 07:37:09 INFO  PositiveLogInTest:29 - Home page opened!
2022-06-07 07:37:16 INFO  PositiveLogInTest:39 - pop-up closed.
2022-06-07 07:37:18 INFO  PositiveLogInTest:49 - User will be login.
2022-06-07 07:37:20 INFO  PositiveLogInTest:26 - User logged in.
2022-06-07 07:37:21 INFO  PositiveLogInTest:60 - My basket is opened
2022-06-07 07:37:21 INFO  PositiveLogInTest:40 - Close driver
2022-06-07 07:37:21 WARN  WebSocketHandler:142 - onError
java.net.SocketException: Connection reset
	at java.base/sun.nio.ch.SocketChannelImpl.throwConnectionReset(SocketChannelImpl.java:394)
	at java.base/sun.nio.ch.SocketChannelImpl.read(SocketChannelImpl.java:426)
	at io.netty.buffer.PooledByteBuf.setBytes(PooledByteBuf.java:258)
	at io.netty.buffer.AbstractByteBuf.writeBytes(AbstractByteBuf.java:1132)
	at io.netty.channel.socket.nio.NioSocketChannel.doReadBytes(NioSocketChannel.java:357)
	at io.netty.channel.nio.AbstractNioByteChannel$NioByteUnsafe.read(AbstractNioByteChannel.java:151)
	at io.netty.channel.nio.NioEventLoop.processSelectedKey(NioEventLoop.java:722)
	at io.netty.channel.nio.NioEventLoop.processSelectedKeysOptimized(NioEventLoop.java:658)
	at io.netty.channel.nio.NioEventLoop.processSelectedKeys(NioEventLoop.java:584)
	at io.netty.channel.nio.NioEventLoop.run(NioEventLoop.java:496)
	at io.netty.util.concurrent.SingleThreadEventExecutor$4.run(SingleThreadEventExecutor.java:986)
	at io.netty.util.internal.ThreadExecutorMap$2.run(ThreadExecutorMap.java:74)
	at io.netty.util.concurrent.FastThreadLocalRunnable.run(FastThreadLocalRunnable.java:30)
	at java.base/java.lang.Thread.run(Thread.java:833)
2022-06-07 07:44:06 INFO  Utils:112 - [TestNG] Running:
  C:\Users\Taylan\AppData\Local\JetBrains\IdeaIC2022.1\temp-testng-customsuite.xml

2022-06-07 07:44:06 INFO  allYouPlayProject:21 - Create driver: chrome
2022-06-07 07:44:07 INFO  allYouPlayProject:27 - Opening home page: https://www.allyouplay.com/en/
2022-06-07 07:44:09 INFO  allYouPlayProject:29 - Home page opened!
2022-06-07 07:44:15 INFO  allYouPlayProject:39 - pop-up closed.
2022-06-07 07:44:18 INFO  allYouPlayProject:49 - User will be login.
2022-06-07 07:44:19 INFO  allYouPlayProject:26 - User logged in.
2022-06-07 07:45:18 INFO  Utils:112 - [TestNG] Running:
  C:\Users\Taylan\AppData\Local\JetBrains\IdeaIC2022.1\temp-testng-customsuite.xml

2022-06-07 07:45:18 INFO  allYouPlayProject:21 - Create driver: chrome
2022-06-07 07:45:19 INFO  allYouPlayProject:27 - Opening home page: https://www.allyouplay.com/en/
2022-06-07 07:45:20 INFO  allYouPlayProject:29 - Home page opened!
2022-06-07 07:45:27 INFO  allYouPlayProject:39 - pop-up closed.
2022-06-07 07:45:29 INFO  allYouPlayProject:49 - User will be login.
2022-06-07 07:45:31 INFO  allYouPlayProject:26 - User logged in.
2022-06-07 07:45:31 INFO  allYouPlayProject:60 - My basket is opened
2022-06-07 07:45:31 INFO  allYouPlayProject:40 - Close driver
2022-06-07 07:50:29 INFO  Utils:112 - [TestNG] Running:
  C:\Users\Taylan\IdeaProjects\allYouPlayProject\src\test\resources\TestSuites\NegativeLogInTestSuite.xml

2022-06-07 07:50:29 INFO  NegativePasswordTest:21 - Create driver: chrome
2022-06-07 07:50:31 INFO  NegativePasswordTest:27 - Opening home page: https://www.allyouplay.com/en/
2022-06-07 07:50:32 INFO  NegativePasswordTest:29 - Home page opened!
2022-06-07 07:50:39 INFO  NegativePasswordTest:39 - pop-up closed.
2022-06-07 07:50:42 INFO  NegativePasswordTest:49 - User will be login.
2022-06-07 07:50:43 INFO  NegativePasswordTest:26 - User logged in.
2022-06-07 07:50:43 INFO  NegativePasswordTest:40 - Close driver
2022-06-07 07:51:58 INFO  Utils:112 - [TestNG] Running:
  C:\Users\Taylan\AppData\Local\JetBrains\IdeaIC2022.1\temp-testng-customsuite.xml

2022-06-07 07:52:09 INFO  Utils:112 - [TestNG] Running:
  C:\Users\Taylan\AppData\Local\JetBrains\IdeaIC2022.1\temp-testng-customsuite.xml

2022-06-07 07:52:15 INFO  Utils:112 - [TestNG] Running:
  C:\Users\Taylan\IdeaProjects\allYouPlayProject\src\test\resources\TestSuites\NegativeLogInTestSuite.xml

2022-06-07 07:52:15 INFO  NegativePasswordTest:21 - Create driver: chrome
2022-06-07 07:52:17 INFO  NegativePasswordTest:27 - Opening home page: https://www.allyouplay.com/en/
2022-06-07 07:52:18 INFO  NegativePasswordTest:29 - Home page opened!
2022-06-07 07:52:24 INFO  NegativePasswordTest:39 - pop-up closed.
2022-06-07 07:52:27 INFO  NegativePasswordTest:49 - User will be login.
2022-06-07 07:52:29 INFO  NegativePasswordTest:26 - User logged in.
2022-06-07 07:52:29 INFO  NegativePasswordTest:40 - Close driver
2022-06-07 07:52:55 INFO  Utils:112 - [TestNG] Running:
  C:\Users\Taylan\IdeaProjects\allYouPlayProject\src\test\resources\TestSuites\NegativeLogInTestSuite.xml

2022-06-07 07:52:55 INFO  NegativePasswordTest:21 - Create driver: chrome
2022-06-07 07:52:57 INFO  NegativePasswordTest:27 - Opening home page: https://www.allyouplay.com/en/
2022-06-07 07:52:57 INFO  NegativePasswordTest:29 - Home page opened!
2022-06-07 07:53:04 INFO  NegativePasswordTest:39 - pop-up closed.
2022-06-07 07:53:06 INFO  NegativePasswordTest:49 - User will be login.
2022-06-07 07:53:07 INFO  NegativePasswordTest:26 - User logged in.
2022-06-07 07:53:07 INFO  NegativePasswordTest:40 - Close driver
2022-06-07 07:54:45 INFO  Utils:112 - [TestNG] Running:
  C:\Users\Taylan\IdeaProjects\allYouPlayProject\src\test\resources\TestSuites\NegativeLogInTestSuite.xml

2022-06-07 07:54:45 INFO  NegativePasswordTest:21 - Create driver: chrome
2022-06-07 07:54:47 INFO  NegativePasswordTest:27 - Opening home page: https://www.allyouplay.com/en/
2022-06-07 07:54:48 INFO  NegativePasswordTest:29 - Home page opened!
2022-06-07 07:54:55 INFO  NegativePasswordTest:39 - pop-up closed.
2022-06-07 07:54:57 INFO  NegativePasswordTest:49 - User will be login.
2022-06-07 07:54:58 INFO  NegativePasswordTest:26 - User logged in.
2022-06-07 07:54:58 INFO  NegativePasswordTest:40 - Close driver
2022-06-07 08:00:23 INFO  Utils:112 - [TestNG] Running:
  C:\Users\Taylan\IdeaProjects\allYouPlayProject\src\test\resources\TestSuites\NegativeLogInTestSuite.xml

2022-06-07 08:00:23 INFO  NegativePasswordTest:21 - Create driver: chrome
2022-06-07 08:00:25 INFO  NegativePasswordTest:27 - Opening home page: https://www.allyouplay.com/en/
2022-06-07 08:00:27 INFO  NegativePasswordTest:29 - Home page opened!
2022-06-07 08:00:34 INFO  NegativePasswordTest:39 - pop-up closed.
2022-06-07 08:00:36 INFO  NegativePasswordTest:49 - User will be login.
2022-06-07 08:00:37 INFO  NegativePasswordTest:26 - User logged in.
2022-06-07 08:00:37 INFO  NegativePasswordTest:40 - Close driver
2022-06-07 08:15:42 INFO  Utils:112 - [TestNG] Running:
  C:\Users\Taylan\IdeaProjects\allYouPlayProject\src\test\resources\TestSuites\NegativeLogInTestSuite.xml

2022-06-07 08:15:42 INFO  NegativePasswordTest:21 - Create driver: chrome
2022-06-07 08:15:44 INFO  NegativePasswordTest:27 - Opening home page: https://www.allyouplay.com/en/
2022-06-07 08:15:45 INFO  NegativePasswordTest:29 - Home page opened!
2022-06-07 08:15:53 INFO  NegativePasswordTest:39 - pop-up closed.
2022-06-07 08:15:55 INFO  NegativePasswordTest:49 - User will be login.
2022-06-07 08:15:56 INFO  NegativePasswordTest:26 - User logged in.
2022-06-07 08:15:56 INFO  NegativePasswordTest:40 - Close driver
2022-06-07 08:15:56 WARN  WebSocketHandler:142 - onError
java.net.SocketException: Connection reset
	at java.base/sun.nio.ch.SocketChannelImpl.throwConnectionReset(SocketChannelImpl.java:394)
	at java.base/sun.nio.ch.SocketChannelImpl.read(SocketChannelImpl.java:426)
	at io.netty.buffer.PooledByteBuf.setBytes(PooledByteBuf.java:258)
	at io.netty.buffer.AbstractByteBuf.writeBytes(AbstractByteBuf.java:1132)
	at io.netty.channel.socket.nio.NioSocketChannel.doReadBytes(NioSocketChannel.java:357)
	at io.netty.channel.nio.AbstractNioByteChannel$NioByteUnsafe.read(AbstractNioByteChannel.java:151)
	at io.netty.channel.nio.NioEventLoop.processSelectedKey(NioEventLoop.java:722)
	at io.netty.channel.nio.NioEventLoop.processSelectedKeysOptimized(NioEventLoop.java:658)
	at io.netty.channel.nio.NioEventLoop.processSelectedKeys(NioEventLoop.java:584)
	at io.netty.channel.nio.NioEventLoop.run(NioEventLoop.java:496)
	at io.netty.util.concurrent.SingleThreadEventExecutor$4.run(SingleThreadEventExecutor.java:986)
	at io.netty.util.internal.ThreadExecutorMap$2.run(ThreadExecutorMap.java:74)
	at io.netty.util.concurrent.FastThreadLocalRunnable.run(FastThreadLocalRunnable.java:30)
	at java.base/java.lang.Thread.run(Thread.java:833)
2022-06-07 08:39:50 INFO  Utils:112 - [TestNG] Running:
  C:\Users\Taylan\IdeaProjects\allYouPlayProject\src\test\resources\TestSuites\NegativeLogInTestSuite.xml

2022-06-07 08:39:50 INFO  NegativePasswordTest:21 - Create driver: chrome
2022-06-07 08:39:52 INFO  NegativePasswordTest:27 - Opening home page: https://www.allyouplay.com/en/
2022-06-07 08:39:53 INFO  NegativePasswordTest:29 - Home page opened!
2022-06-07 08:40:00 INFO  NegativePasswordTest:39 - pop-up closed.
2022-06-07 08:40:02 INFO  NegativePasswordTest:49 - User will be login.
2022-06-07 08:40:03 INFO  NegativePasswordTest:26 - User logged in.
2022-06-07 08:40:03 INFO  NegativePasswordTest:40 - Close driver
2022-06-07 08:41:02 INFO  Utils:112 - [TestNG] Running:
  C:\Users\Taylan\IdeaProjects\allYouPlayProject\src\test\resources\TestSuites\NegativeLogInTestSuite.xml

2022-06-07 08:41:42 INFO  Utils:112 - [TestNG] Running:
  C:\Users\Taylan\IdeaProjects\allYouPlayProject\src\test\resources\TestSuites\NegativeLogInTestSuite.xml

2022-06-07 08:41:42 INFO  NegativePasswordTest:21 - Create driver: chrome
2022-06-07 08:41:44 INFO  NegativePasswordTest:27 - Opening home page: https://www.allyouplay.com/en/
2022-06-07 08:41:45 INFO  NegativePasswordTest:29 - Home page opened!
2022-06-07 08:41:53 INFO  NegativePasswordTest:39 - pop-up closed.
2022-06-07 08:41:56 INFO  NegativePasswordTest:49 - User will be login.
2022-06-07 08:41:57 INFO  NegativePasswordTest:26 - User logged in.
2022-06-07 08:41:57 INFO  NegativePasswordTest:40 - Close driver
2022-06-07 08:43:03 INFO  Utils:112 - [TestNG] Running:
  C:\Users\Taylan\IdeaProjects\allYouPlayProject\src\test\resources\TestSuites\NegativeLogInTestSuite.xml

2022-06-07 08:43:03 INFO  NegativePasswordTest:21 - Create driver: chrome
2022-06-07 08:43:03 INFO  CustomerNotFoundTest:21 - Create driver: chrome
2022-06-07 08:43:06 INFO  CustomerNotFoundTest:27 - Opening home page: https://www.allyouplay.com/en/
2022-06-07 08:43:06 INFO  NegativePasswordTest:27 - Opening home page: https://www.allyouplay.com/en/
2022-06-07 08:43:07 INFO  NegativePasswordTest:29 - Home page opened!
2022-06-07 08:43:07 INFO  CustomerNotFoundTest:29 - Home page opened!
2022-06-07 08:43:13 INFO  CustomerNotFoundTest:39 - pop-up closed.
2022-06-07 08:43:13 INFO  NegativePasswordTest:39 - pop-up closed.
2022-06-07 08:43:16 INFO  CustomerNotFoundTest:49 - User will be login.
2022-06-07 08:43:16 INFO  NegativePasswordTest:49 - User will be login.
2022-06-07 08:43:17 INFO  CustomerNotFoundTest:26 - User logged in.
2022-06-07 08:43:17 INFO  CustomerNotFoundTest:40 - Close driver
2022-06-07 08:43:17 WARN  WebSocketHandler:142 - onError
java.net.SocketException: Connection reset
	at java.base/sun.nio.ch.SocketChannelImpl.throwConnectionReset(SocketChannelImpl.java:394)
	at java.base/sun.nio.ch.SocketChannelImpl.read(SocketChannelImpl.java:426)
	at io.netty.buffer.PooledByteBuf.setBytes(PooledByteBuf.java:258)
	at io.netty.buffer.AbstractByteBuf.writeBytes(AbstractByteBuf.java:1132)
	at io.netty.channel.socket.nio.NioSocketChannel.doReadBytes(NioSocketChannel.java:357)
	at io.netty.channel.nio.AbstractNioByteChannel$NioByteUnsafe.read(AbstractNioByteChannel.java:151)
	at io.netty.channel.nio.NioEventLoop.processSelectedKey(NioEventLoop.java:722)
	at io.netty.channel.nio.NioEventLoop.processSelectedKeysOptimized(NioEventLoop.java:658)
	at io.netty.channel.nio.NioEventLoop.processSelectedKeys(NioEventLoop.java:584)
	at io.netty.channel.nio.NioEventLoop.run(NioEventLoop.java:496)
	at io.netty.util.concurrent.SingleThreadEventExecutor$4.run(SingleThreadEventExecutor.java:986)
	at io.netty.util.internal.ThreadExecutorMap$2.run(ThreadExecutorMap.java:74)
	at io.netty.util.concurrent.FastThreadLocalRunnable.run(FastThreadLocalRunnable.java:30)
	at java.base/java.lang.Thread.run(Thread.java:833)
2022-06-07 08:43:18 INFO  NegativePasswordTest:26 - User logged in.
2022-06-07 08:43:18 INFO  NegativePasswordTest:40 - Close driver
2022-06-07 08:43:35 INFO  Utils:112 - [TestNG] Running:
  C:\Users\Taylan\IdeaProjects\allYouPlayProject\src\test\resources\TestSuites\NegativeLogInTestSuite.xml

2022-06-07 08:43:35 INFO  NegativePasswordTest:21 - Create driver: chrome
2022-06-07 08:43:37 INFO  NegativePasswordTest:27 - Opening home page: https://www.allyouplay.com/en/
2022-06-07 08:43:38 INFO  NegativePasswordTest:29 - Home page opened!
2022-06-07 08:43:45 INFO  NegativePasswordTest:39 - pop-up closed.
2022-06-07 08:43:47 INFO  NegativePasswordTest:49 - User will be login.
2022-06-07 08:43:48 INFO  NegativePasswordTest:26 - User logged in.
2022-06-07 08:43:48 INFO  NegativePasswordTest:40 - Close driver
2022-06-07 08:43:49 INFO  CustomerNotFoundTest:21 - Create driver: chrome
2022-06-07 08:43:50 INFO  CustomerNotFoundTest:27 - Opening home page: https://www.allyouplay.com/en/
2022-06-07 08:43:50 INFO  CustomerNotFoundTest:29 - Home page opened!
2022-06-07 08:43:58 INFO  CustomerNotFoundTest:39 - pop-up closed.
2022-06-07 08:44:00 INFO  CustomerNotFoundTest:49 - User will be login.
2022-06-07 08:44:01 INFO  CustomerNotFoundTest:26 - User logged in.
2022-06-07 08:44:01 INFO  CustomerNotFoundTest:40 - Close driver
2022-06-07 09:48:14 INFO  Utils:112 - [TestNG] Running:
  C:\Users\Taylan\IdeaProjects\allYouPlayProject\src\test\resources\TestSuites\PositiveLogInTestSuite.xml

2022-06-07 09:48:14 INFO  PositiveLogInTest:21 - Create driver: chrome
2022-06-07 09:48:17 INFO  PositiveLogInTest:27 - Opening home page: https://www.allyouplay.com/en/
2022-06-07 09:48:18 INFO  PositiveLogInTest:29 - Home page opened!
2022-06-07 09:48:25 INFO  PositiveLogInTest:39 - pop-up closed.
2022-06-07 09:48:27 INFO  PositiveLogInTest:49 - User will be login.
2022-06-07 09:48:29 INFO  PositiveLogInTest:26 - User logged in.
2022-06-07 09:48:30 INFO  PositiveLogInTest:60 - My basket is opened
2022-06-07 09:48:30 INFO  PositiveLogInTest:40 - Close driver
2022-06-07 09:48:30 WARN  WebSocketHandler:142 - onError
java.net.SocketException: Connection reset
	at java.base/sun.nio.ch.SocketChannelImpl.throwConnectionReset(SocketChannelImpl.java:394)
	at java.base/sun.nio.ch.SocketChannelImpl.read(SocketChannelImpl.java:426)
	at io.netty.buffer.PooledByteBuf.setBytes(PooledByteBuf.java:258)
	at io.netty.buffer.AbstractByteBuf.writeBytes(AbstractByteBuf.java:1132)
	at io.netty.channel.socket.nio.NioSocketChannel.doReadBytes(NioSocketChannel.java:357)
	at io.netty.channel.nio.AbstractNioByteChannel$NioByteUnsafe.read(AbstractNioByteChannel.java:151)
	at io.netty.channel.nio.NioEventLoop.processSelectedKey(NioEventLoop.java:722)
	at io.netty.channel.nio.NioEventLoop.processSelectedKeysOptimized(NioEventLoop.java:658)
	at io.netty.channel.nio.NioEventLoop.processSelectedKeys(NioEventLoop.java:584)
	at io.netty.channel.nio.NioEventLoop.run(NioEventLoop.java:496)
	at io.netty.util.concurrent.SingleThreadEventExecutor$4.run(SingleThreadEventExecutor.java:986)
	at io.netty.util.internal.ThreadExecutorMap$2.run(ThreadExecutorMap.java:74)
	at io.netty.util.concurrent.FastThreadLocalRunnable.run(FastThreadLocalRunnable.java:30)
	at java.base/java.lang.Thread.run(Thread.java:833)
2022-06-07 09:49:08 INFO  Utils:112 - [TestNG] Running:
  C:\Users\Taylan\IdeaProjects\allYouPlayProject\src\test\resources\TestSuites\NegativeLogInTestSuite.xml

2022-06-07 09:49:08 INFO  NegativePasswordTest:21 - Create driver: chrome
2022-06-07 09:49:10 INFO  NegativePasswordTest:27 - Opening home page: https://www.allyouplay.com/en/
2022-06-07 09:49:12 INFO  NegativePasswordTest:29 - Home page opened!
2022-06-07 09:49:19 INFO  NegativePasswordTest:39 - pop-up closed.
2022-06-07 09:49:22 INFO  NegativePasswordTest:49 - User will be login.
2022-06-07 09:49:23 INFO  NegativePasswordTest:26 - User logged in.
2022-06-07 09:49:23 INFO  NegativePasswordTest:40 - Close driver
2022-06-07 09:49:23 INFO  CustomerNotFoundTest:21 - Create driver: chrome
2022-06-07 09:49:24 INFO  CustomerNotFoundTest:27 - Opening home page: https://www.allyouplay.com/en/
2022-06-07 09:49:25 INFO  CustomerNotFoundTest:29 - Home page opened!
2022-06-07 09:49:32 INFO  CustomerNotFoundTest:39 - pop-up closed.
2022-06-07 09:49:35 INFO  CustomerNotFoundTest:49 - User will be login.
2022-06-07 09:49:36 INFO  CustomerNotFoundTest:26 - User logged in.
2022-06-07 09:49:36 INFO  CustomerNotFoundTest:40 - Close driver
2022-06-07 09:52:54 INFO  Utils:112 - [TestNG] Running:
  C:\Users\Taylan\IdeaProjects\allYouPlayProject\src\test\resources\TestSuites\PositiveLogInTestSuite.xml

2022-06-07 09:52:54 INFO  PositiveLogInTest:21 - Create driver: chrome
2022-06-07 09:52:56 INFO  PositiveLogInTest:27 - Opening home page: https://www.allyouplay.com/en/
2022-06-07 09:52:57 INFO  PositiveLogInTest:29 - Home page opened!
2022-06-07 09:53:04 INFO  PositiveLogInTest:39 - pop-up closed.
2022-06-07 09:53:07 INFO  PositiveLogInTest:49 - User will be login.
2022-06-07 09:53:09 INFO  PositiveLogInTest:26 - User logged in.
2022-06-07 09:53:09 INFO  PositiveLogInTest:60 - My basket is opened
2022-06-07 09:53:09 INFO  PositiveLogInTest:40 - Close driver
2022-06-07 09:53:09 WARN  WebSocketHandler:142 - onError
java.net.SocketException: Connection reset
	at java.base/sun.nio.ch.SocketChannelImpl.throwConnectionReset(SocketChannelImpl.java:394)
	at java.base/sun.nio.ch.SocketChannelImpl.read(SocketChannelImpl.java:426)
	at io.netty.buffer.PooledByteBuf.setBytes(PooledByteBuf.java:258)
	at io.netty.buffer.AbstractByteBuf.writeBytes(AbstractByteBuf.java:1132)
	at io.netty.channel.socket.nio.NioSocketChannel.doReadBytes(NioSocketChannel.java:357)
	at io.netty.channel.nio.AbstractNioByteChannel$NioByteUnsafe.read(AbstractNioByteChannel.java:151)
	at io.netty.channel.nio.NioEventLoop.processSelectedKey(NioEventLoop.java:722)
	at io.netty.channel.nio.NioEventLoop.processSelectedKeysOptimized(NioEventLoop.java:658)
	at io.netty.channel.nio.NioEventLoop.processSelectedKeys(NioEventLoop.java:584)
	at io.netty.channel.nio.NioEventLoop.run(NioEventLoop.java:496)
	at io.netty.util.concurrent.SingleThreadEventExecutor$4.run(SingleThreadEventExecutor.java:986)
	at io.netty.util.internal.ThreadExecutorMap$2.run(ThreadExecutorMap.java:74)
	at io.netty.util.concurrent.FastThreadLocalRunnable.run(FastThreadLocalRunnable.java:30)
	at java.base/java.lang.Thread.run(Thread.java:833)
2022-06-07 09:53:42 INFO  Utils:112 - [TestNG] Running:
  C:\Users\Taylan\IdeaProjects\allYouPlayProject\src\test\resources\TestSuites\PositiveLogInTestSuite.xml

2022-06-07 09:53:42 INFO  PositiveLogInTest:21 - Create driver: chrome
2022-06-07 09:53:44 INFO  PositiveLogInTest:27 - Opening home page: https://www.allyouplay.com/en/
2022-06-07 09:53:45 INFO  PositiveLogInTest:29 - Home page opened!
2022-06-07 09:53:52 INFO  PositiveLogInTest:39 - pop-up closed.
2022-06-07 09:53:55 INFO  PositiveLogInTest:49 - User will be login.
2022-06-07 09:53:56 INFO  PositiveLogInTest:26 - User logged in.
2022-06-07 09:53:57 INFO  PositiveLogInTest:60 - My basket is opened
2022-06-07 09:53:57 INFO  PositiveLogInTest:40 - Close driver
2022-06-07 09:53:57 WARN  WebSocketHandler:142 - onError
java.net.SocketException: Connection reset
	at java.base/sun.nio.ch.SocketChannelImpl.throwConnectionReset(SocketChannelImpl.java:394)
	at java.base/sun.nio.ch.SocketChannelImpl.read(SocketChannelImpl.java:426)
	at io.netty.buffer.PooledByteBuf.setBytes(PooledByteBuf.java:258)
	at io.netty.buffer.AbstractByteBuf.writeBytes(AbstractByteBuf.java:1132)
	at io.netty.channel.socket.nio.NioSocketChannel.doReadBytes(NioSocketChannel.java:357)
	at io.netty.channel.nio.AbstractNioByteChannel$NioByteUnsafe.read(AbstractNioByteChannel.java:151)
	at io.netty.channel.nio.NioEventLoop.processSelectedKey(NioEventLoop.java:722)
	at io.netty.channel.nio.NioEventLoop.processSelectedKeysOptimized(NioEventLoop.java:658)
	at io.netty.channel.nio.NioEventLoop.processSelectedKeys(NioEventLoop.java:584)
	at io.netty.channel.nio.NioEventLoop.run(NioEventLoop.java:496)
	at io.netty.util.concurrent.SingleThreadEventExecutor$4.run(SingleThreadEventExecutor.java:986)
	at io.netty.util.internal.ThreadExecutorMap$2.run(ThreadExecutorMap.java:74)
	at io.netty.util.concurrent.FastThreadLocalRunnable.run(FastThreadLocalRunnable.java:30)
	at java.base/java.lang.Thread.run(Thread.java:833)
2022-06-07 09:55:16 INFO  Utils:112 - [TestNG] Running:
  C:\Users\Taylan\IdeaProjects\allYouPlayProject\src\test\resources\TestSuites\NegativeLogInTestSuite.xml

2022-06-07 09:55:16 INFO  NegativePasswordTest:21 - Create driver: chrome
2022-06-07 09:55:18 INFO  NegativePasswordTest:27 - Opening home page: https://www.allyouplay.com/en/
2022-06-07 09:55:19 INFO  NegativePasswordTest:29 - Home page opened!
2022-06-07 09:55:26 INFO  NegativePasswordTest:39 - pop-up closed.
2022-06-07 09:55:29 INFO  NegativePasswordTest:49 - User will be login.
2022-06-07 09:55:30 INFO  NegativePasswordTest:26 - User logged in.
2022-06-07 09:55:30 INFO  NegativePasswordTest:40 - Close driver
2022-06-07 09:55:30 WARN  WebSocketHandler:142 - onError
java.net.SocketException: Connection reset
	at java.base/sun.nio.ch.SocketChannelImpl.throwConnectionReset(SocketChannelImpl.java:394)
	at java.base/sun.nio.ch.SocketChannelImpl.read(SocketChannelImpl.java:426)
	at io.netty.buffer.PooledByteBuf.setBytes(PooledByteBuf.java:258)
	at io.netty.buffer.AbstractByteBuf.writeBytes(AbstractByteBuf.java:1132)
	at io.netty.channel.socket.nio.NioSocketChannel.doReadBytes(NioSocketChannel.java:357)
	at io.netty.channel.nio.AbstractNioByteChannel$NioByteUnsafe.read(AbstractNioByteChannel.java:151)
	at io.netty.channel.nio.NioEventLoop.processSelectedKey(NioEventLoop.java:722)
	at io.netty.channel.nio.NioEventLoop.processSelectedKeysOptimized(NioEventLoop.java:658)
	at io.netty.channel.nio.NioEventLoop.processSelectedKeys(NioEventLoop.java:584)
	at io.netty.channel.nio.NioEventLoop.run(NioEventLoop.java:496)
	at io.netty.util.concurrent.SingleThreadEventExecutor$4.run(SingleThreadEventExecutor.java:986)
	at io.netty.util.internal.ThreadExecutorMap$2.run(ThreadExecutorMap.java:74)
	at io.netty.util.concurrent.FastThreadLocalRunnable.run(FastThreadLocalRunnable.java:30)
	at java.base/java.lang.Thread.run(Thread.java:833)
2022-06-07 09:55:30 INFO  CustomerNotFoundTest:21 - Create driver: chrome
2022-06-07 09:55:31 INFO  CustomerNotFoundTest:27 - Opening home page: https://www.allyouplay.com/en/
2022-06-07 09:55:33 INFO  CustomerNotFoundTest:29 - Home page opened!
2022-06-07 09:55:39 INFO  CustomerNotFoundTest:39 - pop-up closed.
2022-06-07 09:55:42 INFO  CustomerNotFoundTest:49 - User will be login.
2022-06-07 09:55:43 INFO  CustomerNotFoundTest:26 - User logged in.
2022-06-07 09:55:43 INFO  CustomerNotFoundTest:40 - Close driver
2022-06-07 09:56:35 INFO  Utils:112 - [TestNG] Running:
  C:\Users\Taylan\IdeaProjects\allYouPlayProject\src\test\resources\TestSuites\NegativeLogInTestSuite.xml

2022-06-07 09:56:35 INFO  NegativePasswordTest:21 - Create driver: chrome
2022-06-07 09:56:37 INFO  NegativePasswordTest:27 - Opening home page: https://www.allyouplay.com/en/
2022-06-07 09:56:38 INFO  NegativePasswordTest:29 - Home page opened!
2022-06-07 09:56:44 INFO  NegativePasswordTest:39 - pop-up closed.
2022-06-07 09:56:47 INFO  NegativePasswordTest:49 - User will be login.
2022-06-07 09:56:48 INFO  NegativePasswordTest:26 - User logged in.
2022-06-07 09:56:48 INFO  NegativePasswordTest:40 - Close driver
2022-06-07 09:56:48 WARN  WebSocketHandler:142 - onError
java.net.SocketException: Connection reset
	at java.base/sun.nio.ch.SocketChannelImpl.throwConnectionReset(SocketChannelImpl.java:394)
	at java.base/sun.nio.ch.SocketChannelImpl.read(SocketChannelImpl.java:426)
	at io.netty.buffer.PooledByteBuf.setBytes(PooledByteBuf.java:258)
	at io.netty.buffer.AbstractByteBuf.writeBytes(AbstractByteBuf.java:1132)
	at io.netty.channel.socket.nio.NioSocketChannel.doReadBytes(NioSocketChannel.java:357)
	at io.netty.channel.nio.AbstractNioByteChannel$NioByteUnsafe.read(AbstractNioByteChannel.java:151)
	at io.netty.channel.nio.NioEventLoop.processSelectedKey(NioEventLoop.java:722)
	at io.netty.channel.nio.NioEventLoop.processSelectedKeysOptimized(NioEventLoop.java:658)
	at io.netty.channel.nio.NioEventLoop.processSelectedKeys(NioEventLoop.java:584)
	at io.netty.channel.nio.NioEventLoop.run(NioEventLoop.java:496)
	at io.netty.util.concurrent.SingleThreadEventExecutor$4.run(SingleThreadEventExecutor.java:986)
	at io.netty.util.internal.ThreadExecutorMap$2.run(ThreadExecutorMap.java:74)
	at io.netty.util.concurrent.FastThreadLocalRunnable.run(FastThreadLocalRunnable.java:30)
	at java.base/java.lang.Thread.run(Thread.java:833)
2022-06-07 09:56:48 INFO  CustomerNotFoundTest:21 - Create driver: chrome
2022-06-07 09:56:50 INFO  CustomerNotFoundTest:27 - Opening home page: https://www.allyouplay.com/en/
2022-06-07 09:56:51 INFO  CustomerNotFoundTest:29 - Home page opened!
2022-06-07 09:56:57 INFO  CustomerNotFoundTest:39 - pop-up closed.
2022-06-07 09:57:00 INFO  CustomerNotFoundTest:49 - User will be login.
2022-06-07 09:57:01 INFO  CustomerNotFoundTest:26 - User logged in.
2022-06-07 09:57:01 INFO  CustomerNotFoundTest:40 - Close driver
